{"/Users/alexadams/Documents/code/open-source-projects/Swell/main.js":{"path":"/Users/alexadams/Documents/code/open-source-projects/Swell/main.js","statementMap":{"0":{"start":{"line":4,"column":0},"end":{"line":19,"column":5}},"1":{"start":{"line":5,"column":1},"end":{"line":5,"column":45}},"2":{"start":{"line":5,"column":38},"end":{"line":5,"column":45}},"3":{"start":{"line":6,"column":1},"end":{"line":10,"column":2}},"4":{"start":{"line":7,"column":18},"end":{"line":7,"column":77}},"5":{"start":{"line":9,"column":2},"end":{"line":9,"column":9}},"6":{"start":{"line":12,"column":29},"end":{"line":12,"column":68}},"7":{"start":{"line":13,"column":25},"end":{"line":13,"column":67}},"8":{"start":{"line":14,"column":1},"end":{"line":18,"column":3}},"9":{"start":{"line":15,"column":14},"end":{"line":15,"column":50}},"10":{"start":{"line":16,"column":2},"end":{"line":16,"column":26}},"11":{"start":{"line":17,"column":2},"end":{"line":17,"column":13}},"12":{"start":{"line":34,"column":55},"end":{"line":34,"column":74}},"13":{"start":{"line":36,"column":24},"end":{"line":36,"column":51}},"14":{"start":{"line":41,"column":4},"end":{"line":41,"column":42}},"15":{"start":{"line":43,"column":13},"end":{"line":43,"column":28}},"16":{"start":{"line":44,"column":12},"end":{"line":44,"column":26}},"17":{"start":{"line":45,"column":11},"end":{"line":45,"column":24}},"18":{"start":{"line":46,"column":12},"end":{"line":46,"column":35}},"19":{"start":{"line":49,"column":24},"end":{"line":49,"column":64}},"20":{"start":{"line":52,"column":26},"end":{"line":52,"column":68}},"21":{"start":{"line":57,"column":0},"end":{"line":57,"column":27}},"22":{"start":{"line":59,"column":0},"end":{"line":59,"column":51}},"23":{"start":{"line":61,"column":0},"end":{"line":61,"column":51}},"24":{"start":{"line":63,"column":0},"end":{"line":63,"column":51}},"25":{"start":{"line":65,"column":0},"end":{"line":65,"column":49}},"26":{"start":{"line":67,"column":21},"end":{"line":67,"column":63}},"27":{"start":{"line":70,"column":0},"end":{"line":70,"column":25}},"28":{"start":{"line":71,"column":0},"end":{"line":71,"column":50}},"29":{"start":{"line":72,"column":0},"end":{"line":72,"column":28}},"30":{"start":{"line":80,"column":12},"end":{"line":80,"column":17}},"31":{"start":{"line":84,"column":0},"end":{"line":86,"column":1}},"32":{"start":{"line":85,"column":2},"end":{"line":85,"column":15}},"33":{"start":{"line":93,"column":0},"end":{"line":103,"column":5}},"34":{"start":{"line":105,"column":0},"end":{"line":109,"column":1}},"35":{"start":{"line":107,"column":2},"end":{"line":107,"column":59}},"36":{"start":{"line":117,"column":2},"end":{"line":132,"column":5}},"37":{"start":{"line":137,"column":2},"end":{"line":165,"column":3}},"38":{"start":{"line":139,"column":4},"end":{"line":144,"column":7}},"39":{"start":{"line":147,"column":4},"end":{"line":147,"column":42}},"40":{"start":{"line":150,"column":4},"end":{"line":152,"column":63}},"41":{"start":{"line":151,"column":22},"end":{"line":151,"column":62}},"42":{"start":{"line":152,"column":22},"end":{"line":152,"column":61}},"43":{"start":{"line":154,"column":4},"end":{"line":156,"column":63}},"44":{"start":{"line":155,"column":22},"end":{"line":155,"column":62}},"45":{"start":{"line":156,"column":22},"end":{"line":156,"column":61}},"46":{"start":{"line":158,"column":4},"end":{"line":163,"column":7}},"47":{"start":{"line":168,"column":2},"end":{"line":168,"column":32}},"48":{"start":{"line":171,"column":2},"end":{"line":171,"column":35}},"49":{"start":{"line":173,"column":2},"end":{"line":173,"column":65}},"50":{"start":{"line":173,"column":45},"end":{"line":173,"column":63}},"51":{"start":{"line":176,"column":2},"end":{"line":182,"column":5}},"52":{"start":{"line":177,"column":4},"end":{"line":177,"column":22}},"53":{"start":{"line":179,"column":4},"end":{"line":181,"column":5}},"54":{"start":{"line":180,"column":6},"end":{"line":180,"column":44}},"55":{"start":{"line":185,"column":2},"end":{"line":192,"column":5}},"56":{"start":{"line":191,"column":4},"end":{"line":191,"column":22}},"57":{"start":{"line":206,"column":0},"end":{"line":211,"column":3}},"58":{"start":{"line":207,"column":2},"end":{"line":207,"column":17}},"59":{"start":{"line":208,"column":2},"end":{"line":210,"column":3}},"60":{"start":{"line":209,"column":4},"end":{"line":209,"column":34}},"61":{"start":{"line":214,"column":0},"end":{"line":216,"column":3}},"62":{"start":{"line":215,"column":2},"end":{"line":215,"column":13}},"63":{"start":{"line":219,"column":27},"end":{"line":224,"column":1}},"64":{"start":{"line":220,"column":2},"end":{"line":220,"column":17}},"65":{"start":{"line":221,"column":2},"end":{"line":223,"column":3}},"66":{"start":{"line":222,"column":4},"end":{"line":222,"column":49}},"67":{"start":{"line":226,"column":0},"end":{"line":229,"column":2}},"68":{"start":{"line":227,"column":14},"end":{"line":227,"column":156}},"69":{"start":{"line":228,"column":2},"end":{"line":228,"column":52}},"70":{"start":{"line":231,"column":0},"end":{"line":237,"column":3}},"71":{"start":{"line":233,"column":2},"end":{"line":233,"column":34}},"72":{"start":{"line":234,"column":2},"end":{"line":236,"column":3}},"73":{"start":{"line":235,"column":4},"end":{"line":235,"column":34}},"74":{"start":{"line":238,"column":0},"end":{"line":240,"column":3}},"75":{"start":{"line":239,"column":2},"end":{"line":239,"column":47}},"76":{"start":{"line":241,"column":0},"end":{"line":243,"column":3}},"77":{"start":{"line":242,"column":2},"end":{"line":242,"column":42}},"78":{"start":{"line":244,"column":0},"end":{"line":246,"column":3}},"79":{"start":{"line":245,"column":2},"end":{"line":245,"column":46}},"80":{"start":{"line":247,"column":0},"end":{"line":250,"column":3}},"81":{"start":{"line":248,"column":2},"end":{"line":248,"column":46}},"82":{"start":{"line":249,"column":2},"end":{"line":249,"column":46}},"83":{"start":{"line":251,"column":0},"end":{"line":255,"column":3}},"84":{"start":{"line":252,"column":2},"end":{"line":254,"column":4}},"85":{"start":{"line":256,"column":0},"end":{"line":258,"column":3}},"86":{"start":{"line":257,"column":2},"end":{"line":257,"column":43}},"87":{"start":{"line":260,"column":0},"end":{"line":265,"column":3}},"88":{"start":{"line":264,"column":2},"end":{"line":264,"column":31}},"89":{"start":{"line":266,"column":0},"end":{"line":268,"column":3}},"90":{"start":{"line":267,"column":2},"end":{"line":267,"column":31}},"91":{"start":{"line":270,"column":0},"end":{"line":273,"column":3}},"92":{"start":{"line":271,"column":2},"end":{"line":271,"column":38}},"93":{"start":{"line":272,"column":2},"end":{"line":272,"column":22}},"94":{"start":{"line":274,"column":0},"end":{"line":276,"column":3}},"95":{"start":{"line":275,"column":2},"end":{"line":275,"column":47}},"96":{"start":{"line":278,"column":0},"end":{"line":284,"column":3}},"97":{"start":{"line":281,"column":2},"end":{"line":283,"column":3}},"98":{"start":{"line":282,"column":4},"end":{"line":282,"column":19}},"99":{"start":{"line":287,"column":0},"end":{"line":302,"column":3}},"100":{"start":{"line":288,"column":18},"end":{"line":288,"column":49}},"101":{"start":{"line":289,"column":2},"end":{"line":301,"column":5}},"102":{"start":{"line":290,"column":4},"end":{"line":293,"column":5}},"103":{"start":{"line":291,"column":6},"end":{"line":291,"column":46}},"104":{"start":{"line":292,"column":6},"end":{"line":292,"column":13}},"105":{"start":{"line":296,"column":4},"end":{"line":300,"column":7}},"106":{"start":{"line":297,"column":6},"end":{"line":299,"column":7}},"107":{"start":{"line":298,"column":8},"end":{"line":298,"column":72}},"108":{"start":{"line":304,"column":0},"end":{"line":381,"column":3}},"109":{"start":{"line":305,"column":2},"end":{"line":380,"column":5}},"110":{"start":{"line":307,"column":20},"end":{"line":314,"column":5}},"111":{"start":{"line":317,"column":4},"end":{"line":320,"column":5}},"112":{"start":{"line":318,"column":6},"end":{"line":318,"column":38}},"113":{"start":{"line":319,"column":6},"end":{"line":319,"column":13}},"114":{"start":{"line":323,"column":21},"end":{"line":323,"column":43}},"115":{"start":{"line":326,"column":16},"end":{"line":326,"column":38}},"116":{"start":{"line":329,"column":4},"end":{"line":334,"column":5}},"117":{"start":{"line":330,"column":6},"end":{"line":330,"column":44}},"118":{"start":{"line":331,"column":6},"end":{"line":331,"column":48}},"119":{"start":{"line":332,"column":6},"end":{"line":332,"column":43}},"120":{"start":{"line":333,"column":6},"end":{"line":333,"column":13}},"121":{"start":{"line":337,"column":28},"end":{"line":337,"column":55}},"122":{"start":{"line":337,"column":46},"end":{"line":337,"column":54}},"123":{"start":{"line":338,"column":4},"end":{"line":379,"column":7}},"124":{"start":{"line":339,"column":6},"end":{"line":342,"column":7}},"125":{"start":{"line":340,"column":8},"end":{"line":340,"column":66}},"126":{"start":{"line":341,"column":8},"end":{"line":341,"column":15}},"127":{"start":{"line":346,"column":6},"end":{"line":353,"column":7}},"128":{"start":{"line":347,"column":8},"end":{"line":347,"column":34}},"129":{"start":{"line":349,"column":8},"end":{"line":349,"column":51}},"130":{"start":{"line":350,"column":8},"end":{"line":350,"column":52}},"131":{"start":{"line":351,"column":8},"end":{"line":351,"column":45}},"132":{"start":{"line":352,"column":8},"end":{"line":352,"column":15}},"133":{"start":{"line":355,"column":6},"end":{"line":376,"column":7}},"134":{"start":{"line":357,"column":8},"end":{"line":368,"column":9}},"135":{"start":{"line":364,"column":10},"end":{"line":364,"column":43}},"136":{"start":{"line":365,"column":10},"end":{"line":365,"column":47}},"137":{"start":{"line":366,"column":10},"end":{"line":366,"column":47}},"138":{"start":{"line":367,"column":10},"end":{"line":367,"column":17}},"139":{"start":{"line":370,"column":8},"end":{"line":375,"column":9}},"140":{"start":{"line":371,"column":10},"end":{"line":371,"column":72}},"141":{"start":{"line":372,"column":10},"end":{"line":372,"column":66}},"142":{"start":{"line":373,"column":10},"end":{"line":373,"column":47}},"143":{"start":{"line":374,"column":10},"end":{"line":374,"column":17}},"144":{"start":{"line":378,"column":6},"end":{"line":378,"column":76}},"145":{"start":{"line":384,"column":0},"end":{"line":397,"column":3}},"146":{"start":{"line":385,"column":15},"end":{"line":389,"column":3}},"147":{"start":{"line":391,"column":2},"end":{"line":396,"column":77}},"148":{"start":{"line":394,"column":6},"end":{"line":394,"column":70}},"149":{"start":{"line":396,"column":20},"end":{"line":396,"column":75}},"150":{"start":{"line":400,"column":0},"end":{"line":431,"column":3}},"151":{"start":{"line":402,"column":2},"end":{"line":430,"column":7}},"152":{"start":{"line":409,"column":6},"end":{"line":409,"column":39}},"153":{"start":{"line":409,"column":22},"end":{"line":409,"column":39}},"154":{"start":{"line":411,"column":6},"end":{"line":426,"column":9}},"155":{"start":{"line":413,"column":8},"end":{"line":415,"column":9}},"156":{"start":{"line":414,"column":10},"end":{"line":414,"column":72}},"157":{"start":{"line":416,"column":8},"end":{"line":416,"column":29}},"158":{"start":{"line":417,"column":8},"end":{"line":425,"column":11}},"159":{"start":{"line":424,"column":10},"end":{"line":424,"column":77}},"160":{"start":{"line":429,"column":6},"end":{"line":429,"column":48}},"161":{"start":{"line":435,"column":0},"end":{"line":444,"column":3}},"162":{"start":{"line":436,"column":2},"end":{"line":443,"column":7}},"163":{"start":{"line":438,"column":6},"end":{"line":438,"column":68}},"164":{"start":{"line":441,"column":6},"end":{"line":441,"column":62}},"165":{"start":{"line":442,"column":6},"end":{"line":442,"column":76}},"166":{"start":{"line":447,"column":0},"end":{"line":474,"column":3}},"167":{"start":{"line":449,"column":2},"end":{"line":473,"column":7}},"168":{"start":{"line":455,"column":6},"end":{"line":455,"column":39}},"169":{"start":{"line":455,"column":22},"end":{"line":455,"column":39}},"170":{"start":{"line":457,"column":6},"end":{"line":469,"column":9}},"171":{"start":{"line":459,"column":8},"end":{"line":461,"column":9}},"172":{"start":{"line":460,"column":10},"end":{"line":460,"column":74}},"173":{"start":{"line":462,"column":8},"end":{"line":462,"column":32}},"174":{"start":{"line":463,"column":28},"end":{"line":463,"column":63}},"175":{"start":{"line":464,"column":8},"end":{"line":468,"column":10}},"176":{"start":{"line":472,"column":6},"end":{"line":472,"column":50}},"177":{"start":{"line":478,"column":0},"end":{"line":487,"column":3}},"178":{"start":{"line":479,"column":2},"end":{"line":486,"column":7}},"179":{"start":{"line":481,"column":6},"end":{"line":481,"column":70}},"180":{"start":{"line":484,"column":6},"end":{"line":484,"column":64}},"181":{"start":{"line":485,"column":6},"end":{"line":485,"column":78}}},"fnMap":{"0":{"name":"(anonymous_0)","decl":{"start":{"line":4,"column":1},"end":{"line":4,"column":2}},"loc":{"start":{"line":4,"column":11},"end":{"line":19,"column":1}},"line":4},"1":{"name":"(anonymous_1)","decl":{"start":{"line":14,"column":46},"end":{"line":14,"column":47}},"loc":{"start":{"line":14,"column":56},"end":{"line":18,"column":2}},"line":14},"2":{"name":"createWindow","decl":{"start":{"line":115,"column":9},"end":{"line":115,"column":21}},"loc":{"start":{"line":115,"column":24},"end":{"line":193,"column":1}},"line":115},"3":{"name":"(anonymous_3)","decl":{"start":{"line":151,"column":12},"end":{"line":151,"column":13}},"loc":{"start":{"line":151,"column":22},"end":{"line":151,"column":62}},"line":151},"4":{"name":"(anonymous_4)","decl":{"start":{"line":152,"column":13},"end":{"line":152,"column":14}},"loc":{"start":{"line":152,"column":22},"end":{"line":152,"column":61}},"line":152},"5":{"name":"(anonymous_5)","decl":{"start":{"line":155,"column":12},"end":{"line":155,"column":13}},"loc":{"start":{"line":155,"column":22},"end":{"line":155,"column":62}},"line":155},"6":{"name":"(anonymous_6)","decl":{"start":{"line":156,"column":13},"end":{"line":156,"column":14}},"loc":{"start":{"line":156,"column":22},"end":{"line":156,"column":61}},"line":156},"7":{"name":"(anonymous_7)","decl":{"start":{"line":173,"column":38},"end":{"line":173,"column":39}},"loc":{"start":{"line":173,"column":45},"end":{"line":173,"column":63}},"line":173},"8":{"name":"(anonymous_8)","decl":{"start":{"line":176,"column":35},"end":{"line":176,"column":36}},"loc":{"start":{"line":176,"column":41},"end":{"line":182,"column":3}},"line":176},"9":{"name":"(anonymous_9)","decl":{"start":{"line":185,"column":26},"end":{"line":185,"column":27}},"loc":{"start":{"line":185,"column":32},"end":{"line":192,"column":3}},"line":185},"10":{"name":"(anonymous_10)","decl":{"start":{"line":206,"column":16},"end":{"line":206,"column":17}},"loc":{"start":{"line":206,"column":22},"end":{"line":211,"column":1}},"line":206},"11":{"name":"(anonymous_11)","decl":{"start":{"line":214,"column":28},"end":{"line":214,"column":29}},"loc":{"start":{"line":214,"column":34},"end":{"line":216,"column":1}},"line":214},"12":{"name":"(anonymous_12)","decl":{"start":{"line":219,"column":27},"end":{"line":219,"column":28}},"loc":{"start":{"line":219,"column":37},"end":{"line":224,"column":1}},"line":219},"13":{"name":"(anonymous_13)","decl":{"start":{"line":226,"column":31},"end":{"line":226,"column":32}},"loc":{"start":{"line":226,"column":43},"end":{"line":229,"column":1}},"line":226},"14":{"name":"(anonymous_14)","decl":{"start":{"line":231,"column":31},"end":{"line":231,"column":32}},"loc":{"start":{"line":231,"column":37},"end":{"line":237,"column":1}},"line":231},"15":{"name":"(anonymous_15)","decl":{"start":{"line":238,"column":38},"end":{"line":238,"column":39}},"loc":{"start":{"line":238,"column":44},"end":{"line":240,"column":1}},"line":238},"16":{"name":"(anonymous_16)","decl":{"start":{"line":241,"column":35},"end":{"line":241,"column":36}},"loc":{"start":{"line":241,"column":45},"end":{"line":243,"column":1}},"line":241},"17":{"name":"(anonymous_17)","decl":{"start":{"line":244,"column":39},"end":{"line":244,"column":40}},"loc":{"start":{"line":244,"column":49},"end":{"line":246,"column":1}},"line":244},"18":{"name":"(anonymous_18)","decl":{"start":{"line":247,"column":24},"end":{"line":247,"column":25}},"loc":{"start":{"line":247,"column":33},"end":{"line":250,"column":1}},"line":247},"19":{"name":"(anonymous_19)","decl":{"start":{"line":251,"column":36},"end":{"line":251,"column":37}},"loc":{"start":{"line":251,"column":53},"end":{"line":255,"column":1}},"line":251},"20":{"name":"(anonymous_20)","decl":{"start":{"line":256,"column":36},"end":{"line":256,"column":37}},"loc":{"start":{"line":256,"column":46},"end":{"line":258,"column":1}},"line":256},"21":{"name":"(anonymous_21)","decl":{"start":{"line":260,"column":36},"end":{"line":260,"column":37}},"loc":{"start":{"line":260,"column":46},"end":{"line":265,"column":1}},"line":260},"22":{"name":"(anonymous_22)","decl":{"start":{"line":266,"column":31},"end":{"line":266,"column":32}},"loc":{"start":{"line":266,"column":37},"end":{"line":268,"column":1}},"line":266},"23":{"name":"(anonymous_23)","decl":{"start":{"line":270,"column":25},"end":{"line":270,"column":26}},"loc":{"start":{"line":270,"column":31},"end":{"line":273,"column":1}},"line":270},"24":{"name":"(anonymous_24)","decl":{"start":{"line":274,"column":32},"end":{"line":274,"column":33}},"loc":{"start":{"line":274,"column":38},"end":{"line":276,"column":1}},"line":274},"25":{"name":"(anonymous_25)","decl":{"start":{"line":278,"column":19},"end":{"line":278,"column":20}},"loc":{"start":{"line":278,"column":25},"end":{"line":284,"column":1}},"line":278},"26":{"name":"(anonymous_26)","decl":{"start":{"line":287,"column":32},"end":{"line":287,"column":33}},"loc":{"start":{"line":287,"column":49},"end":{"line":302,"column":1}},"line":287},"27":{"name":"(anonymous_27)","decl":{"start":{"line":289,"column":35},"end":{"line":289,"column":36}},"loc":{"start":{"line":289,"column":45},"end":{"line":301,"column":3}},"line":289},"28":{"name":"(anonymous_28)","decl":{"start":{"line":296,"column":41},"end":{"line":296,"column":42}},"loc":{"start":{"line":296,"column":50},"end":{"line":300,"column":5}},"line":296},"29":{"name":"(anonymous_29)","decl":{"start":{"line":304,"column":32},"end":{"line":304,"column":33}},"loc":{"start":{"line":304,"column":49},"end":{"line":381,"column":1}},"line":304},"30":{"name":"(anonymous_30)","decl":{"start":{"line":305,"column":35},"end":{"line":305,"column":36}},"loc":{"start":{"line":305,"column":50},"end":{"line":380,"column":3}},"line":305},"31":{"name":"(anonymous_31)","decl":{"start":{"line":337,"column":37},"end":{"line":337,"column":38}},"loc":{"start":{"line":337,"column":46},"end":{"line":337,"column":54}},"line":337},"32":{"name":"(anonymous_32)","decl":{"start":{"line":338,"column":35},"end":{"line":338,"column":36}},"loc":{"start":{"line":338,"column":50},"end":{"line":379,"column":5}},"line":338},"33":{"name":"(anonymous_33)","decl":{"start":{"line":384,"column":36},"end":{"line":384,"column":37}},"loc":{"start":{"line":384,"column":47},"end":{"line":397,"column":1}},"line":384},"34":{"name":"(anonymous_34)","decl":{"start":{"line":393,"column":10},"end":{"line":393,"column":11}},"loc":{"start":{"line":393,"column":24},"end":{"line":395,"column":5}},"line":393},"35":{"name":"(anonymous_35)","decl":{"start":{"line":396,"column":11},"end":{"line":396,"column":12}},"loc":{"start":{"line":396,"column":20},"end":{"line":396,"column":75}},"line":396},"36":{"name":"(anonymous_36)","decl":{"start":{"line":400,"column":27},"end":{"line":400,"column":28}},"loc":{"start":{"line":400,"column":38},"end":{"line":431,"column":1}},"line":400},"37":{"name":"(anonymous_37)","decl":{"start":{"line":408,"column":10},"end":{"line":408,"column":11}},"loc":{"start":{"line":408,"column":25},"end":{"line":427,"column":5}},"line":408},"38":{"name":"(anonymous_38)","decl":{"start":{"line":411,"column":51},"end":{"line":411,"column":52}},"loc":{"start":{"line":411,"column":66},"end":{"line":426,"column":7}},"line":411},"39":{"name":"(anonymous_39)","decl":{"start":{"line":417,"column":44},"end":{"line":417,"column":45}},"loc":{"start":{"line":417,"column":58},"end":{"line":425,"column":9}},"line":417},"40":{"name":"(anonymous_40)","decl":{"start":{"line":428,"column":11},"end":{"line":428,"column":12}},"loc":{"start":{"line":428,"column":20},"end":{"line":430,"column":5}},"line":428},"41":{"name":"(anonymous_41)","decl":{"start":{"line":435,"column":38},"end":{"line":435,"column":39}},"loc":{"start":{"line":435,"column":55},"end":{"line":444,"column":1}},"line":435},"42":{"name":"(anonymous_42)","decl":{"start":{"line":437,"column":10},"end":{"line":437,"column":11}},"loc":{"start":{"line":437,"column":22},"end":{"line":439,"column":5}},"line":437},"43":{"name":"(anonymous_43)","decl":{"start":{"line":440,"column":11},"end":{"line":440,"column":12}},"loc":{"start":{"line":440,"column":20},"end":{"line":443,"column":5}},"line":440},"44":{"name":"(anonymous_44)","decl":{"start":{"line":447,"column":29},"end":{"line":447,"column":30}},"loc":{"start":{"line":447,"column":40},"end":{"line":474,"column":1}},"line":447},"45":{"name":"(anonymous_45)","decl":{"start":{"line":454,"column":10},"end":{"line":454,"column":11}},"loc":{"start":{"line":454,"column":25},"end":{"line":470,"column":5}},"line":454},"46":{"name":"(anonymous_46)","decl":{"start":{"line":457,"column":51},"end":{"line":457,"column":52}},"loc":{"start":{"line":457,"column":66},"end":{"line":469,"column":7}},"line":457},"47":{"name":"(anonymous_47)","decl":{"start":{"line":471,"column":11},"end":{"line":471,"column":12}},"loc":{"start":{"line":471,"column":20},"end":{"line":473,"column":5}},"line":471},"48":{"name":"(anonymous_48)","decl":{"start":{"line":478,"column":40},"end":{"line":478,"column":41}},"loc":{"start":{"line":478,"column":57},"end":{"line":487,"column":1}},"line":478},"49":{"name":"(anonymous_49)","decl":{"start":{"line":480,"column":10},"end":{"line":480,"column":11}},"loc":{"start":{"line":480,"column":22},"end":{"line":482,"column":5}},"line":480},"50":{"name":"(anonymous_50)","decl":{"start":{"line":483,"column":11},"end":{"line":483,"column":12}},"loc":{"start":{"line":483,"column":20},"end":{"line":486,"column":5}},"line":483}},"branchMap":{"0":{"loc":{"start":{"line":5,"column":1},"end":{"line":5,"column":45}},"type":"if","locations":[{"start":{"line":5,"column":1},"end":{"line":5,"column":45}},{"start":{"line":5,"column":1},"end":{"line":5,"column":45}}],"line":5},"1":{"loc":{"start":{"line":84,"column":0},"end":{"line":86,"column":1}},"type":"if","locations":[{"start":{"line":84,"column":0},"end":{"line":86,"column":1}},{"start":{"line":84,"column":0},"end":{"line":86,"column":1}}],"line":84},"2":{"loc":{"start":{"line":93,"column":0},"end":{"line":103,"column":4}},"type":"cond-expr","locations":[{"start":{"line":94,"column":4},"end":{"line":98,"column":4}},{"start":{"line":99,"column":4},"end":{"line":103,"column":4}}],"line":93},"3":{"loc":{"start":{"line":105,"column":0},"end":{"line":109,"column":1}},"type":"if","locations":[{"start":{"line":105,"column":0},"end":{"line":109,"column":1}},{"start":{"line":105,"column":0},"end":{"line":109,"column":1}}],"line":105},"4":{"loc":{"start":{"line":137,"column":2},"end":{"line":165,"column":3}},"type":"if","locations":[{"start":{"line":137,"column":2},"end":{"line":165,"column":3}},{"start":{"line":137,"column":2},"end":{"line":165,"column":3}}],"line":137},"5":{"loc":{"start":{"line":179,"column":4},"end":{"line":181,"column":5}},"type":"if","locations":[{"start":{"line":179,"column":4},"end":{"line":181,"column":5}},{"start":{"line":179,"column":4},"end":{"line":181,"column":5}}],"line":179},"6":{"loc":{"start":{"line":179,"column":8},"end":{"line":179,"column":48}},"type":"binary-expr","locations":[{"start":{"line":179,"column":8},"end":{"line":179,"column":13}},{"start":{"line":179,"column":17},"end":{"line":179,"column":48}}],"line":179},"7":{"loc":{"start":{"line":208,"column":2},"end":{"line":210,"column":3}},"type":"if","locations":[{"start":{"line":208,"column":2},"end":{"line":210,"column":3}},{"start":{"line":208,"column":2},"end":{"line":210,"column":3}}],"line":208},"8":{"loc":{"start":{"line":221,"column":2},"end":{"line":223,"column":3}},"type":"if","locations":[{"start":{"line":221,"column":2},"end":{"line":223,"column":3}},{"start":{"line":221,"column":2},"end":{"line":223,"column":3}}],"line":221},"9":{"loc":{"start":{"line":234,"column":2},"end":{"line":236,"column":3}},"type":"if","locations":[{"start":{"line":234,"column":2},"end":{"line":236,"column":3}},{"start":{"line":234,"column":2},"end":{"line":236,"column":3}}],"line":234},"10":{"loc":{"start":{"line":281,"column":2},"end":{"line":283,"column":3}},"type":"if","locations":[{"start":{"line":281,"column":2},"end":{"line":283,"column":3}},{"start":{"line":281,"column":2},"end":{"line":283,"column":3}}],"line":281},"11":{"loc":{"start":{"line":290,"column":4},"end":{"line":293,"column":5}},"type":"if","locations":[{"start":{"line":290,"column":4},"end":{"line":293,"column":5}},{"start":{"line":290,"column":4},"end":{"line":293,"column":5}}],"line":290},"12":{"loc":{"start":{"line":297,"column":6},"end":{"line":299,"column":7}},"type":"if","locations":[{"start":{"line":297,"column":6},"end":{"line":299,"column":7}},{"start":{"line":297,"column":6},"end":{"line":299,"column":7}}],"line":297},"13":{"loc":{"start":{"line":317,"column":4},"end":{"line":320,"column":5}},"type":"if","locations":[{"start":{"line":317,"column":4},"end":{"line":320,"column":5}},{"start":{"line":317,"column":4},"end":{"line":320,"column":5}}],"line":317},"14":{"loc":{"start":{"line":329,"column":4},"end":{"line":334,"column":5}},"type":"if","locations":[{"start":{"line":329,"column":4},"end":{"line":334,"column":5}},{"start":{"line":329,"column":4},"end":{"line":334,"column":5}}],"line":329},"15":{"loc":{"start":{"line":329,"column":8},"end":{"line":329,"column":29}},"type":"binary-expr","locations":[{"start":{"line":329,"column":8},"end":{"line":329,"column":11}},{"start":{"line":329,"column":15},"end":{"line":329,"column":29}}],"line":329},"16":{"loc":{"start":{"line":339,"column":6},"end":{"line":342,"column":7}},"type":"if","locations":[{"start":{"line":339,"column":6},"end":{"line":342,"column":7}},{"start":{"line":339,"column":6},"end":{"line":342,"column":7}}],"line":339},"17":{"loc":{"start":{"line":355,"column":6},"end":{"line":376,"column":7}},"type":"if","locations":[{"start":{"line":355,"column":6},"end":{"line":376,"column":7}},{"start":{"line":355,"column":6},"end":{"line":376,"column":7}}],"line":355},"18":{"loc":{"start":{"line":357,"column":8},"end":{"line":368,"column":9}},"type":"if","locations":[{"start":{"line":357,"column":8},"end":{"line":368,"column":9}},{"start":{"line":357,"column":8},"end":{"line":368,"column":9}}],"line":357},"19":{"loc":{"start":{"line":358,"column":10},"end":{"line":362,"column":27}},"type":"binary-expr","locations":[{"start":{"line":358,"column":10},"end":{"line":358,"column":36}},{"start":{"line":359,"column":10},"end":{"line":359,"column":20}},{"start":{"line":360,"column":10},"end":{"line":360,"column":22}},{"start":{"line":361,"column":10},"end":{"line":361,"column":29}},{"start":{"line":362,"column":10},"end":{"line":362,"column":27}}],"line":358},"20":{"loc":{"start":{"line":370,"column":8},"end":{"line":375,"column":9}},"type":"if","locations":[{"start":{"line":370,"column":8},"end":{"line":375,"column":9}},{"start":{"line":370,"column":8},"end":{"line":375,"column":9}}],"line":370},"21":{"loc":{"start":{"line":409,"column":6},"end":{"line":409,"column":39}},"type":"if","locations":[{"start":{"line":409,"column":6},"end":{"line":409,"column":39}},{"start":{"line":409,"column":6},"end":{"line":409,"column":39}}],"line":409},"22":{"loc":{"start":{"line":413,"column":8},"end":{"line":415,"column":9}},"type":"if","locations":[{"start":{"line":413,"column":8},"end":{"line":415,"column":9}},{"start":{"line":413,"column":8},"end":{"line":415,"column":9}}],"line":413},"23":{"loc":{"start":{"line":455,"column":6},"end":{"line":455,"column":39}},"type":"if","locations":[{"start":{"line":455,"column":6},"end":{"line":455,"column":39}},{"start":{"line":455,"column":6},"end":{"line":455,"column":39}}],"line":455},"24":{"loc":{"start":{"line":459,"column":8},"end":{"line":461,"column":9}},"type":"if","locations":[{"start":{"line":459,"column":8},"end":{"line":461,"column":9}},{"start":{"line":459,"column":8},"end":{"line":461,"column":9}}],"line":459}},"s":{"0":1,"1":1,"2":1,"3":0,"4":0,"5":0,"6":0,"7":0,"8":0,"9":0,"10":0,"11":0,"12":1,"13":1,"14":1,"15":1,"16":1,"17":1,"18":1,"19":1,"20":1,"21":1,"22":1,"23":1,"24":1,"25":1,"26":1,"27":1,"28":1,"29":1,"30":1,"31":1,"32":0,"33":1,"34":1,"35":0,"36":1,"37":1,"38":0,"39":0,"40":0,"41":0,"42":0,"43":0,"44":0,"45":0,"46":1,"47":1,"48":1,"49":1,"50":1,"51":1,"52":1,"53":1,"54":0,"55":1,"56":1,"57":1,"58":1,"59":1,"60":1,"61":1,"62":0,"63":1,"64":0,"65":0,"66":0,"67":1,"68":0,"69":0,"70":1,"71":1,"72":1,"73":1,"74":1,"75":0,"76":1,"77":0,"78":1,"79":0,"80":1,"81":0,"82":0,"83":1,"84":0,"85":1,"86":0,"87":1,"88":0,"89":1,"90":0,"91":1,"92":0,"93":0,"94":1,"95":0,"96":1,"97":0,"98":0,"99":1,"100":0,"101":0,"102":0,"103":0,"104":0,"105":0,"106":0,"107":0,"108":1,"109":0,"110":0,"111":0,"112":0,"113":0,"114":0,"115":0,"116":0,"117":0,"118":0,"119":0,"120":0,"121":0,"122":0,"123":0,"124":0,"125":0,"126":0,"127":0,"128":0,"129":0,"130":0,"131":0,"132":0,"133":0,"134":0,"135":0,"136":0,"137":0,"138":0,"139":0,"140":0,"141":0,"142":0,"143":0,"144":0,"145":1,"146":0,"147":0,"148":0,"149":0,"150":1,"151":0,"152":0,"153":0,"154":0,"155":0,"156":0,"157":0,"158":0,"159":0,"160":0,"161":1,"162":0,"163":0,"164":0,"165":0,"166":1,"167":0,"168":0,"169":0,"170":0,"171":0,"172":0,"173":0,"174":0,"175":0,"176":0,"177":1,"178":0,"179":0,"180":0,"181":0},"f":{"0":1,"1":0,"2":1,"3":0,"4":0,"5":0,"6":0,"7":1,"8":1,"9":1,"10":1,"11":0,"12":0,"13":0,"14":1,"15":0,"16":0,"17":0,"18":0,"19":0,"20":0,"21":0,"22":0,"23":0,"24":0,"25":0,"26":0,"27":0,"28":0,"29":0,"30":0,"31":0,"32":0,"33":0,"34":0,"35":0,"36":0,"37":0,"38":0,"39":0,"40":0,"41":0,"42":0,"43":0,"44":0,"45":0,"46":0,"47":0,"48":0,"49":0,"50":0},"b":{"0":[1,0],"1":[0,1],"2":[0,1],"3":[0,1],"4":[0,1],"5":[0,1],"6":[1,0],"7":[1,0],"8":[0,0],"9":[1,0],"10":[0,0],"11":[0,0],"12":[0,0],"13":[0,0],"14":[0,0],"15":[0,0],"16":[0,0],"17":[0,0],"18":[0,0],"19":[0,0,0,0,0],"20":[0,0],"21":[0,0],"22":[0,0],"23":[0,0],"24":[0,0]},"_coverageSchema":"1a1c01bbd47fc00a2c39e90264f33305004495a9","hash":"3577a6b6d080bd4f05fac4fad4e677d65ac7fb2f","contentHash":"05917fdc26bef0d9d97eab795ef16366aa349666fc2a86e7380f0cb96cf2ea00"},"/Users/alexadams/Documents/code/open-source-projects/Swell/main_process/protoParser.js":{"path":"/Users/alexadams/Documents/code/open-source-projects/Swell/main_process/protoParser.js","statementMap":{"0":{"start":{"line":3,"column":11},"end":{"line":3,"column":24}},"1":{"start":{"line":4,"column":13},"end":{"line":4,"column":37}},"2":{"start":{"line":5,"column":20},"end":{"line":5,"column":49}},"3":{"start":{"line":6,"column":13},"end":{"line":6,"column":28}},"4":{"start":{"line":10,"column":23},"end":{"line":10,"column":25}},"5":{"start":{"line":13,"column":2},"end":{"line":13,"column":43}},"6":{"start":{"line":16,"column":16},"end":{"line":16,"column":49}},"7":{"start":{"line":19,"column":2},"end":{"line":25,"column":3}},"8":{"start":{"line":20,"column":4},"end":{"line":22,"column":5}},"9":{"start":{"line":21,"column":6},"end":{"line":21,"column":65}},"10":{"start":{"line":24,"column":4},"end":{"line":24,"column":23}},"11":{"start":{"line":27,"column":2},"end":{"line":38,"column":3}},"12":{"start":{"line":28,"column":4},"end":{"line":35,"column":5}},"13":{"start":{"line":34,"column":6},"end":{"line":34,"column":19}},"14":{"start":{"line":37,"column":4},"end":{"line":37,"column":23}},"15":{"start":{"line":41,"column":2},"end":{"line":45,"column":4}},"16":{"start":{"line":49,"column":21},"end":{"line":52,"column":3}},"17":{"start":{"line":54,"column":2},"end":{"line":54,"column":38}},"18":{"start":{"line":57,"column":26},"end":{"line":63,"column":3}},"19":{"start":{"line":66,"column":2},"end":{"line":69,"column":4}},"20":{"start":{"line":73,"column":2},"end":{"line":75,"column":4}},"21":{"start":{"line":76,"column":2},"end":{"line":76,"column":69}},"22":{"start":{"line":79,"column":28},"end":{"line":82,"column":3}},"23":{"start":{"line":80,"column":4},"end":{"line":80,"column":50}},"24":{"start":{"line":80,"column":39},"end":{"line":80,"column":50}},"25":{"start":{"line":81,"column":4},"end":{"line":81,"column":52}},"26":{"start":{"line":84,"column":2},"end":{"line":86,"column":4}},"27":{"start":{"line":89,"column":21},"end":{"line":89,"column":23}},"28":{"start":{"line":91,"column":2},"end":{"line":158,"column":3}},"29":{"start":{"line":94,"column":4},"end":{"line":157,"column":5}},"30":{"start":{"line":96,"column":25},"end":{"line":96,"column":27}},"31":{"start":{"line":97,"column":6},"end":{"line":97,"column":56}},"32":{"start":{"line":98,"column":6},"end":{"line":98,"column":36}},"33":{"start":{"line":99,"column":6},"end":{"line":99,"column":27}},"34":{"start":{"line":100,"column":6},"end":{"line":100,"column":31}},"35":{"start":{"line":102,"column":6},"end":{"line":155,"column":7}},"36":{"start":{"line":106,"column":29},"end":{"line":106,"column":53}},"37":{"start":{"line":107,"column":29},"end":{"line":107,"column":54}},"38":{"start":{"line":109,"column":21},"end":{"line":109,"column":28}},"39":{"start":{"line":110,"column":8},"end":{"line":110,"column":51}},"40":{"start":{"line":110,"column":26},"end":{"line":110,"column":51}},"41":{"start":{"line":111,"column":8},"end":{"line":111,"column":51}},"42":{"start":{"line":111,"column":26},"end":{"line":111,"column":51}},"43":{"start":{"line":112,"column":8},"end":{"line":112,"column":67}},"44":{"start":{"line":112,"column":42},"end":{"line":112,"column":67}},"45":{"start":{"line":113,"column":31},"end":{"line":113,"column":63}},"46":{"start":{"line":114,"column":31},"end":{"line":114,"column":64}},"47":{"start":{"line":115,"column":8},"end":{"line":120,"column":11}},"48":{"start":{"line":124,"column":8},"end":{"line":150,"column":11}},"49":{"start":{"line":125,"column":24},"end":{"line":125,"column":35}},"50":{"start":{"line":127,"column":21},"end":{"line":127,"column":26}},"51":{"start":{"line":128,"column":10},"end":{"line":128,"column":58}},"52":{"start":{"line":128,"column":46},"end":{"line":128,"column":58}},"53":{"start":{"line":129,"column":10},"end":{"line":134,"column":11}},"54":{"start":{"line":130,"column":12},"end":{"line":133,"column":14}},"55":{"start":{"line":135,"column":10},"end":{"line":135,"column":35}},"56":{"start":{"line":136,"column":10},"end":{"line":136,"column":49}},"57":{"start":{"line":137,"column":10},"end":{"line":137,"column":44}},"58":{"start":{"line":138,"column":10},"end":{"line":138,"column":58}},"59":{"start":{"line":151,"column":8},"end":{"line":151,"column":43}},"60":{"start":{"line":156,"column":6},"end":{"line":156,"column":34}},"61":{"start":{"line":160,"column":2},"end":{"line":160,"column":39}},"62":{"start":{"line":162,"column":2},"end":{"line":162,"column":65}},"63":{"start":{"line":165,"column":0},"end":{"line":165,"column":33}}},"fnMap":{"0":{"name":"protoParserFunc","decl":{"start":{"line":8,"column":15},"end":{"line":8,"column":30}},"loc":{"start":{"line":8,"column":46},"end":{"line":163,"column":1}},"line":8},"1":{"name":"(anonymous_1)","decl":{"start":{"line":79,"column":28},"end":{"line":79,"column":29}},"loc":{"start":{"line":79,"column":37},"end":{"line":82,"column":3}},"line":79},"2":{"name":"(anonymous_2)","decl":{"start":{"line":124,"column":50},"end":{"line":124,"column":51}},"loc":{"start":{"line":124,"column":62},"end":{"line":150,"column":9}},"line":124}},"branchMap":{"0":{"loc":{"start":{"line":20,"column":4},"end":{"line":22,"column":5}},"type":"if","locations":[{"start":{"line":20,"column":4},"end":{"line":22,"column":5}},{"start":{"line":20,"column":4},"end":{"line":22,"column":5}}],"line":20},"1":{"loc":{"start":{"line":80,"column":4},"end":{"line":80,"column":50}},"type":"if","locations":[{"start":{"line":80,"column":4},"end":{"line":80,"column":50}},{"start":{"line":80,"column":4},"end":{"line":80,"column":50}}],"line":80},"2":{"loc":{"start":{"line":94,"column":4},"end":{"line":157,"column":5}},"type":"if","locations":[{"start":{"line":94,"column":4},"end":{"line":157,"column":5}},{"start":{"line":94,"column":4},"end":{"line":157,"column":5}}],"line":94},"3":{"loc":{"start":{"line":110,"column":8},"end":{"line":110,"column":51}},"type":"if","locations":[{"start":{"line":110,"column":8},"end":{"line":110,"column":51}},{"start":{"line":110,"column":8},"end":{"line":110,"column":51}}],"line":110},"4":{"loc":{"start":{"line":111,"column":8},"end":{"line":111,"column":51}},"type":"if","locations":[{"start":{"line":111,"column":8},"end":{"line":111,"column":51}},{"start":{"line":111,"column":8},"end":{"line":111,"column":51}}],"line":111},"5":{"loc":{"start":{"line":112,"column":8},"end":{"line":112,"column":67}},"type":"if","locations":[{"start":{"line":112,"column":8},"end":{"line":112,"column":67}},{"start":{"line":112,"column":8},"end":{"line":112,"column":67}}],"line":112},"6":{"loc":{"start":{"line":112,"column":12},"end":{"line":112,"column":40}},"type":"binary-expr","locations":[{"start":{"line":112,"column":12},"end":{"line":112,"column":24}},{"start":{"line":112,"column":28},"end":{"line":112,"column":40}}],"line":112},"7":{"loc":{"start":{"line":128,"column":10},"end":{"line":128,"column":58}},"type":"if","locations":[{"start":{"line":128,"column":10},"end":{"line":128,"column":58}},{"start":{"line":128,"column":10},"end":{"line":128,"column":58}}],"line":128},"8":{"loc":{"start":{"line":129,"column":10},"end":{"line":134,"column":11}},"type":"if","locations":[{"start":{"line":129,"column":10},"end":{"line":134,"column":11}},{"start":{"line":129,"column":10},"end":{"line":134,"column":11}}],"line":129},"9":{"loc":{"start":{"line":162,"column":9},"end":{"line":162,"column":64}},"type":"binary-expr","locations":[{"start":{"line":162,"column":9},"end":{"line":162,"column":21}},{"start":{"line":162,"column":25},"end":{"line":162,"column":64}}],"line":162}},"s":{"0":1,"1":1,"2":1,"3":1,"4":0,"5":0,"6":0,"7":0,"8":0,"9":0,"10":0,"11":0,"12":0,"13":0,"14":0,"15":0,"16":0,"17":0,"18":0,"19":0,"20":0,"21":0,"22":0,"23":0,"24":0,"25":0,"26":0,"27":0,"28":0,"29":0,"30":0,"31":0,"32":0,"33":0,"34":0,"35":0,"36":0,"37":0,"38":0,"39":0,"40":0,"41":0,"42":0,"43":0,"44":0,"45":0,"46":0,"47":0,"48":0,"49":0,"50":0,"51":0,"52":0,"53":0,"54":0,"55":0,"56":0,"57":0,"58":0,"59":0,"60":0,"61":0,"62":0,"63":1},"f":{"0":0,"1":0,"2":0},"b":{"0":[0,0],"1":[0,0],"2":[0,0],"3":[0,0],"4":[0,0],"5":[0,0],"6":[0,0],"7":[0,0],"8":[0,0],"9":[0,0]},"_coverageSchema":"1a1c01bbd47fc00a2c39e90264f33305004495a9","hash":"5ff9dfa5e254e1b39cd5699bf95e65e42dd7dc70","contentHash":"4f8a773710a82580d86f1e761624c5f1f3d60564d8c83d9067c7c1a2b966f67e"},"/Users/alexadams/Documents/code/open-source-projects/Swell/main_process/openapiParser.js":{"path":"/Users/alexadams/Documents/code/open-source-projects/Swell/main_process/openapiParser.js","statementMap":{"0":{"start":{"line":1,"column":13},"end":{"line":1,"column":30}},"1":{"start":{"line":4,"column":26},"end":{"line":54,"column":1}},"2":{"start":{"line":5,"column":2},"end":{"line":6,"column":50}},"3":{"start":{"line":6,"column":4},"end":{"line":6,"column":50}},"4":{"start":{"line":8,"column":2},"end":{"line":13,"column":3}},"5":{"start":{"line":9,"column":4},"end":{"line":9,"column":28}},"6":{"start":{"line":11,"column":4},"end":{"line":11,"column":28}},"7":{"start":{"line":12,"column":4},"end":{"line":12,"column":31}},"8":{"start":{"line":14,"column":53},"end":{"line":14,"column":56}},"9":{"start":{"line":15,"column":2},"end":{"line":15,"column":29}},"10":{"start":{"line":16,"column":21},"end":{"line":16,"column":61}},"11":{"start":{"line":16,"column":49},"end":{"line":16,"column":59}},"12":{"start":{"line":17,"column":11},"end":{"line":17,"column":12}},"13":{"start":{"line":19,"column":26},"end":{"line":19,"column":28}},"14":{"start":{"line":20,"column":2},"end":{"line":51,"column":5}},"15":{"start":{"line":21,"column":4},"end":{"line":50,"column":7}},"16":{"start":{"line":22,"column":6},"end":{"line":22,"column":14}},"17":{"start":{"line":29,"column":10},"end":{"line":29,"column":22}},"18":{"start":{"line":31,"column":22},"end":{"line":48,"column":7}},"19":{"start":{"line":49,"column":6},"end":{"line":49,"column":36}},"20":{"start":{"line":52,"column":26},"end":{"line":52,"column":52}},"21":{"start":{"line":53,"column":2},"end":{"line":53,"column":46}},"22":{"start":{"line":56,"column":0},"end":{"line":56,"column":35}}},"fnMap":{"0":{"name":"(anonymous_0)","decl":{"start":{"line":4,"column":26},"end":{"line":4,"column":27}},"loc":{"start":{"line":4,"column":37},"end":{"line":54,"column":1}},"line":4},"1":{"name":"(anonymous_1)","decl":{"start":{"line":16,"column":37},"end":{"line":16,"column":38}},"loc":{"start":{"line":16,"column":49},"end":{"line":16,"column":59}},"line":16},"2":{"name":"(anonymous_2)","decl":{"start":{"line":20,"column":32},"end":{"line":20,"column":33}},"loc":{"start":{"line":20,"column":57},"end":{"line":51,"column":3}},"line":20},"3":{"name":"(anonymous_3)","decl":{"start":{"line":21,"column":36},"end":{"line":21,"column":37}},"loc":{"start":{"line":21,"column":64},"end":{"line":50,"column":5}},"line":21}},"branchMap":{"0":{"loc":{"start":{"line":5,"column":2},"end":{"line":6,"column":50}},"type":"if","locations":[{"start":{"line":5,"column":2},"end":{"line":6,"column":50}},{"start":{"line":5,"column":2},"end":{"line":6,"column":50}}],"line":5},"1":{"loc":{"start":{"line":5,"column":6},"end":{"line":5,"column":43}},"type":"binary-expr","locations":[{"start":{"line":5,"column":6},"end":{"line":5,"column":25}},{"start":{"line":5,"column":29},"end":{"line":5,"column":43}}],"line":5}},"s":{"0":1,"1":1,"2":0,"3":0,"4":0,"5":0,"6":0,"7":0,"8":0,"9":0,"10":0,"11":0,"12":0,"13":0,"14":0,"15":0,"16":0,"17":0,"18":0,"19":0,"20":0,"21":0,"22":1},"f":{"0":0,"1":0,"2":0,"3":0},"b":{"0":[0,0],"1":[0,0]},"_coverageSchema":"1a1c01bbd47fc00a2c39e90264f33305004495a9","hash":"435004e3705239081a5da0b4fe1f3ea4e0c2740e","contentHash":"52f907b01904ed436a8b6a3b494afc309eed498c6818a8186c71803a54a46541"},"/Users/alexadams/Documents/code/open-source-projects/Swell/menu/mainMenu.js":{"path":"/Users/alexadams/Documents/code/open-source-projects/Swell/menu/mainMenu.js","statementMap":{"0":{"start":{"line":1,"column":17},"end":{"line":1,"column":36}},"1":{"start":{"line":2,"column":17},"end":{"line":2,"column":36}},"2":{"start":{"line":4,"column":16},"end":{"line":4,"column":24}},"3":{"start":{"line":9,"column":17},"end":{"line":104,"column":1}},"4":{"start":{"line":49,"column":10},"end":{"line":49,"column":52}},"5":{"start":{"line":49,"column":29},"end":{"line":49,"column":52}},"6":{"start":{"line":59,"column":10},"end":{"line":59,"column":72}},"7":{"start":{"line":59,"column":29},"end":{"line":59,"column":72}},"8":{"start":{"line":99,"column":10},"end":{"line":99,"column":65}},"9":{"start":{"line":111,"column":0},"end":{"line":191,"column":1}},"10":{"start":{"line":113,"column":19},"end":{"line":113,"column":22}},"11":{"start":{"line":114,"column":2},"end":{"line":147,"column":5}},"12":{"start":{"line":149,"column":2},"end":{"line":165,"column":4}},"13":{"start":{"line":167,"column":2},"end":{"line":190,"column":4}},"14":{"start":{"line":195,"column":13},"end":{"line":195,"column":45}},"15":{"start":{"line":198,"column":0},"end":{"line":198,"column":30}}},"fnMap":{"0":{"name":"(anonymous_0)","decl":{"start":{"line":48,"column":8},"end":{"line":48,"column":9}},"loc":{"start":{"line":48,"column":35},"end":{"line":50,"column":9}},"line":48},"1":{"name":"(anonymous_1)","decl":{"start":{"line":58,"column":8},"end":{"line":58,"column":9}},"loc":{"start":{"line":58,"column":35},"end":{"line":60,"column":9}},"line":58},"2":{"name":"(anonymous_2)","decl":{"start":{"line":98,"column":8},"end":{"line":98,"column":9}},"loc":{"start":{"line":98,"column":16},"end":{"line":100,"column":9}},"line":98}},"branchMap":{"0":{"loc":{"start":{"line":49,"column":10},"end":{"line":49,"column":52}},"type":"if","locations":[{"start":{"line":49,"column":10},"end":{"line":49,"column":52}},{"start":{"line":49,"column":10},"end":{"line":49,"column":52}}],"line":49},"1":{"loc":{"start":{"line":57,"column":10},"end":{"line":57,"column":74}},"type":"cond-expr","locations":[{"start":{"line":57,"column":42},"end":{"line":57,"column":57}},{"start":{"line":57,"column":60},"end":{"line":57,"column":74}}],"line":57},"2":{"loc":{"start":{"line":59,"column":10},"end":{"line":59,"column":72}},"type":"if","locations":[{"start":{"line":59,"column":10},"end":{"line":59,"column":72}},{"start":{"line":59,"column":10},"end":{"line":59,"column":72}}],"line":59},"3":{"loc":{"start":{"line":111,"column":0},"end":{"line":191,"column":1}},"type":"if","locations":[{"start":{"line":111,"column":0},"end":{"line":191,"column":1}},{"start":{"line":111,"column":0},"end":{"line":191,"column":1}}],"line":111}},"s":{"0":1,"1":1,"2":1,"3":1,"4":0,"5":0,"6":0,"7":0,"8":0,"9":1,"10":1,"11":1,"12":1,"13":1,"14":1,"15":1},"f":{"0":0,"1":0,"2":0},"b":{"0":[0,0],"1":[1,0],"2":[0,0],"3":[1,0]},"_coverageSchema":"1a1c01bbd47fc00a2c39e90264f33305004495a9","hash":"9235632527d1c84396ae5c728339c8286507c112","contentHash":"cb2f9b41ebd6d695962179e904bc2c974105d804e0338591689ce8135a38ce85"},"/Users/alexadams/Documents/code/open-source-projects/Swell/main_process/main_httpController.js":{"path":"/Users/alexadams/Documents/code/open-source-projects/Swell/main_process/main_httpController.js","statementMap":{"0":{"start":{"line":1,"column":20},"end":{"line":1,"column":39}},"1":{"start":{"line":2,"column":11},"end":{"line":2,"column":24}},"2":{"start":{"line":3,"column":15},"end":{"line":3,"column":36}},"3":{"start":{"line":4,"column":14},"end":{"line":4,"column":30}},"4":{"start":{"line":5,"column":18},"end":{"line":5,"column":46}},"5":{"start":{"line":6,"column":22},"end":{"line":6,"column":48}},"6":{"start":{"line":7,"column":26},"end":{"line":7,"column":61}},"7":{"start":{"line":11,"column":28},"end":{"line":11,"column":49}},"8":{"start":{"line":13,"column":23},"end":{"line":471,"column":1}},"9":{"start":{"line":22,"column":4},"end":{"line":26,"column":5}},"10":{"start":{"line":23,"column":6},"end":{"line":23,"column":64}},"11":{"start":{"line":25,"column":6},"end":{"line":25,"column":64}},"12":{"start":{"line":30,"column":4},"end":{"line":31,"column":53}},"13":{"start":{"line":30,"column":27},"end":{"line":30,"column":67}},"14":{"start":{"line":31,"column":9},"end":{"line":31,"column":53}},"15":{"start":{"line":37,"column":4},"end":{"line":39,"column":5}},"16":{"start":{"line":38,"column":6},"end":{"line":38,"column":50}},"17":{"start":{"line":43,"column":19},"end":{"line":43,"column":54}},"18":{"start":{"line":44,"column":4},"end":{"line":47,"column":5}},"19":{"start":{"line":45,"column":6},"end":{"line":45,"column":21}},"20":{"start":{"line":46,"column":6},"end":{"line":46,"column":49}},"21":{"start":{"line":56,"column":21},"end":{"line":56,"column":30}},"22":{"start":{"line":57,"column":33},"end":{"line":57,"column":74}},"23":{"start":{"line":62,"column":4},"end":{"line":136,"column":5}},"24":{"start":{"line":63,"column":25},"end":{"line":63,"column":45}},"25":{"start":{"line":69,"column":23},"end":{"line":82,"column":12}},"26":{"start":{"line":70,"column":8},"end":{"line":81,"column":9}},"27":{"start":{"line":71,"column":10},"end":{"line":71,"column":34}},"28":{"start":{"line":72,"column":10},"end":{"line":72,"column":59}},"29":{"start":{"line":73,"column":10},"end":{"line":73,"column":62}},"30":{"start":{"line":74,"column":15},"end":{"line":81,"column":9}},"31":{"start":{"line":75,"column":10},"end":{"line":75,"column":34}},"32":{"start":{"line":76,"column":10},"end":{"line":76,"column":59}},"33":{"start":{"line":77,"column":10},"end":{"line":77,"column":68}},"34":{"start":{"line":78,"column":15},"end":{"line":81,"column":9}},"35":{"start":{"line":79,"column":10},"end":{"line":79,"column":34}},"36":{"start":{"line":80,"column":10},"end":{"line":80,"column":78}},"37":{"start":{"line":85,"column":6},"end":{"line":93,"column":16}},"38":{"start":{"line":86,"column":8},"end":{"line":86,"column":32}},"39":{"start":{"line":87,"column":8},"end":{"line":92,"column":9}},"40":{"start":{"line":88,"column":10},"end":{"line":88,"column":27}},"41":{"start":{"line":89,"column":10},"end":{"line":89,"column":59}},"42":{"start":{"line":90,"column":10},"end":{"line":90,"column":41}},"43":{"start":{"line":91,"column":10},"end":{"line":91,"column":55}},"44":{"start":{"line":99,"column":6},"end":{"line":99,"column":49}},"45":{"start":{"line":101,"column":28},"end":{"line":101,"column":30}},"46":{"start":{"line":103,"column":6},"end":{"line":105,"column":7}},"47":{"start":{"line":104,"column":8},"end":{"line":104,"column":64}},"48":{"start":{"line":107,"column":21},"end":{"line":109,"column":7}},"49":{"start":{"line":108,"column":8},"end":{"line":108,"column":56}},"50":{"start":{"line":112,"column":30},"end":{"line":115,"column":7}},"51":{"start":{"line":116,"column":6},"end":{"line":116,"column":66}},"52":{"start":{"line":118,"column":6},"end":{"line":130,"column":9}},"53":{"start":{"line":119,"column":8},"end":{"line":119,"column":58}},"54":{"start":{"line":120,"column":8},"end":{"line":120,"column":42}},"55":{"start":{"line":121,"column":8},"end":{"line":125,"column":9}},"56":{"start":{"line":122,"column":10},"end":{"line":122,"column":27}},"57":{"start":{"line":124,"column":10},"end":{"line":124,"column":62}},"58":{"start":{"line":126,"column":8},"end":{"line":126,"column":57}},"59":{"start":{"line":129,"column":8},"end":{"line":129,"column":66}},"60":{"start":{"line":132,"column":6},"end":{"line":135,"column":9}},"61":{"start":{"line":133,"column":8},"end":{"line":133,"column":45}},"62":{"start":{"line":134,"column":8},"end":{"line":134,"column":66}},"63":{"start":{"line":143,"column":4},"end":{"line":143,"column":36}},"64":{"start":{"line":144,"column":4},"end":{"line":144,"column":35}},"65":{"start":{"line":145,"column":4},"end":{"line":145,"column":37}},"66":{"start":{"line":146,"column":4},"end":{"line":146,"column":36}},"67":{"start":{"line":147,"column":4},"end":{"line":147,"column":49}},"68":{"start":{"line":150,"column":29},"end":{"line":150,"column":31}},"69":{"start":{"line":151,"column":4},"end":{"line":153,"column":7}},"70":{"start":{"line":152,"column":6},"end":{"line":152,"column":50}},"71":{"start":{"line":154,"column":4},"end":{"line":154,"column":47}},"72":{"start":{"line":155,"column":4},"end":{"line":155,"column":59}},"73":{"start":{"line":159,"column":22},"end":{"line":161,"column":6}},"74":{"start":{"line":163,"column":4},"end":{"line":163,"column":52}},"75":{"start":{"line":166,"column":4},"end":{"line":173,"column":5}},"76":{"start":{"line":170,"column":6},"end":{"line":170,"column":44}},"77":{"start":{"line":172,"column":6},"end":{"line":172,"column":22}},"78":{"start":{"line":176,"column":16},"end":{"line":176,"column":21}},"79":{"start":{"line":177,"column":15},"end":{"line":177,"column":17}},"80":{"start":{"line":179,"column":4},"end":{"line":179,"column":34}},"81":{"start":{"line":181,"column":4},"end":{"line":225,"column":7}},"82":{"start":{"line":183,"column":6},"end":{"line":184,"column":78}},"83":{"start":{"line":186,"column":6},"end":{"line":192,"column":7}},"84":{"start":{"line":187,"column":8},"end":{"line":187,"column":38}},"85":{"start":{"line":188,"column":8},"end":{"line":188,"column":41}},"86":{"start":{"line":190,"column":8},"end":{"line":190,"column":40}},"87":{"start":{"line":191,"column":8},"end":{"line":191,"column":43}},"88":{"start":{"line":195,"column":6},"end":{"line":210,"column":7}},"89":{"start":{"line":196,"column":8},"end":{"line":196,"column":38}},"90":{"start":{"line":199,"column":8},"end":{"line":201,"column":47}},"91":{"start":{"line":204,"column":33},"end":{"line":204,"column":43}},"92":{"start":{"line":206,"column":10},"end":{"line":206,"column":56}},"93":{"start":{"line":208,"column":10},"end":{"line":208,"column":74}},"94":{"start":{"line":209,"column":8},"end":{"line":209,"column":46}},"95":{"start":{"line":214,"column":6},"end":{"line":214,"column":31}},"96":{"start":{"line":215,"column":6},"end":{"line":215,"column":42}},"97":{"start":{"line":216,"column":6},"end":{"line":216,"column":43}},"98":{"start":{"line":219,"column":6},"end":{"line":223,"column":7}},"99":{"start":{"line":220,"column":30},"end":{"line":220,"column":68}},"100":{"start":{"line":221,"column":8},"end":{"line":222,"column":56}},"101":{"start":{"line":224,"column":6},"end":{"line":224,"column":51}},"102":{"start":{"line":227,"column":4},"end":{"line":243,"column":7}},"103":{"start":{"line":228,"column":6},"end":{"line":228,"column":20}},"104":{"start":{"line":230,"column":6},"end":{"line":230,"column":25}},"105":{"start":{"line":230,"column":18},"end":{"line":230,"column":25}},"106":{"start":{"line":231,"column":29},"end":{"line":231,"column":39}},"107":{"start":{"line":232,"column":27},"end":{"line":232,"column":53}},"108":{"start":{"line":234,"column":6},"end":{"line":242,"column":7}},"109":{"start":{"line":235,"column":26},"end":{"line":235,"column":77}},"110":{"start":{"line":236,"column":8},"end":{"line":236,"column":48}},"111":{"start":{"line":237,"column":8},"end":{"line":237,"column":50}},"112":{"start":{"line":238,"column":8},"end":{"line":238,"column":53}},"113":{"start":{"line":241,"column":8},"end":{"line":241,"column":41}},"114":{"start":{"line":245,"column":4},"end":{"line":265,"column":7}},"115":{"start":{"line":246,"column":6},"end":{"line":246,"column":38}},"116":{"start":{"line":247,"column":6},"end":{"line":247,"column":59}},"117":{"start":{"line":250,"column":6},"end":{"line":262,"column":7}},"118":{"start":{"line":251,"column":8},"end":{"line":251,"column":56}},"119":{"start":{"line":252,"column":8},"end":{"line":252,"column":44}},"120":{"start":{"line":253,"column":13},"end":{"line":262,"column":7}},"121":{"start":{"line":259,"column":8},"end":{"line":259,"column":37}},"122":{"start":{"line":261,"column":8},"end":{"line":261,"column":25}},"123":{"start":{"line":263,"column":6},"end":{"line":263,"column":48}},"124":{"start":{"line":264,"column":6},"end":{"line":264,"column":51}},"125":{"start":{"line":274,"column":4},"end":{"line":323,"column":7}},"126":{"start":{"line":275,"column":40},"end":{"line":275,"column":52}},"127":{"start":{"line":277,"column":6},"end":{"line":322,"column":11}},"128":{"start":{"line":280,"column":26},"end":{"line":280,"column":48}},"129":{"start":{"line":284,"column":10},"end":{"line":291,"column":11}},"130":{"start":{"line":287,"column":12},"end":{"line":290,"column":15}},"131":{"start":{"line":292,"column":10},"end":{"line":292,"column":47}},"132":{"start":{"line":294,"column":33},"end":{"line":294,"column":54}},"133":{"start":{"line":296,"column":10},"end":{"line":296,"column":43}},"134":{"start":{"line":298,"column":27},"end":{"line":300,"column":29}},"135":{"start":{"line":302,"column":10},"end":{"line":313,"column":14}},"136":{"start":{"line":306,"column":14},"end":{"line":309,"column":17}},"137":{"start":{"line":312,"column":14},"end":{"line":312,"column":65}},"138":{"start":{"line":317,"column":10},"end":{"line":317,"column":41}},"139":{"start":{"line":318,"column":10},"end":{"line":318,"column":34}},"140":{"start":{"line":320,"column":10},"end":{"line":320,"column":48}},"141":{"start":{"line":321,"column":10},"end":{"line":321,"column":55}},"142":{"start":{"line":329,"column":4},"end":{"line":329,"column":36}},"143":{"start":{"line":330,"column":4},"end":{"line":330,"column":35}},"144":{"start":{"line":331,"column":4},"end":{"line":331,"column":37}},"145":{"start":{"line":332,"column":4},"end":{"line":332,"column":36}},"146":{"start":{"line":334,"column":20},"end":{"line":334,"column":63}},"147":{"start":{"line":339,"column":4},"end":{"line":385,"column":5}},"148":{"start":{"line":340,"column":6},"end":{"line":340,"column":51}},"149":{"start":{"line":342,"column":6},"end":{"line":342,"column":60}},"150":{"start":{"line":345,"column":6},"end":{"line":384,"column":11}},"151":{"start":{"line":349,"column":24},"end":{"line":349,"column":40}},"152":{"start":{"line":350,"column":10},"end":{"line":350,"column":45}},"153":{"start":{"line":351,"column":10},"end":{"line":351,"column":42}},"154":{"start":{"line":352,"column":10},"end":{"line":352,"column":46}},"155":{"start":{"line":353,"column":10},"end":{"line":353,"column":55}},"156":{"start":{"line":356,"column":37},"end":{"line":356,"column":53}},"157":{"start":{"line":358,"column":27},"end":{"line":358,"column":35}},"158":{"start":{"line":359,"column":10},"end":{"line":359,"column":58}},"159":{"start":{"line":362,"column":10},"end":{"line":366,"column":11}},"160":{"start":{"line":363,"column":12},"end":{"line":365,"column":14}},"161":{"start":{"line":368,"column":10},"end":{"line":368,"column":59}},"162":{"start":{"line":371,"column":10},"end":{"line":376,"column":11}},"163":{"start":{"line":372,"column":12},"end":{"line":375,"column":14}},"164":{"start":{"line":378,"column":10},"end":{"line":378,"column":55}},"165":{"start":{"line":381,"column":10},"end":{"line":381,"column":41}},"166":{"start":{"line":383,"column":10},"end":{"line":383,"column":55}},"167":{"start":{"line":391,"column":39},"end":{"line":391,"column":59}},"168":{"start":{"line":394,"column":21},"end":{"line":394,"column":41}},"169":{"start":{"line":396,"column":4},"end":{"line":396,"column":34}},"170":{"start":{"line":398,"column":29},"end":{"line":400,"column":5}},"171":{"start":{"line":401,"column":4},"end":{"line":405,"column":7}},"172":{"start":{"line":402,"column":6},"end":{"line":404,"column":7}},"173":{"start":{"line":403,"column":8},"end":{"line":403,"column":48}},"174":{"start":{"line":407,"column":4},"end":{"line":411,"column":7}},"175":{"start":{"line":408,"column":27},"end":{"line":408,"column":58}},"176":{"start":{"line":410,"column":6},"end":{"line":410,"column":45}},"177":{"start":{"line":413,"column":22},"end":{"line":421,"column":5}},"178":{"start":{"line":423,"column":4},"end":{"line":425,"column":5}},"179":{"start":{"line":424,"column":6},"end":{"line":424,"column":28}},"180":{"start":{"line":427,"column":4},"end":{"line":427,"column":21}},"181":{"start":{"line":434,"column":4},"end":{"line":434,"column":40}},"182":{"start":{"line":435,"column":4},"end":{"line":435,"column":42}},"183":{"start":{"line":436,"column":4},"end":{"line":436,"column":39}},"184":{"start":{"line":438,"column":4},"end":{"line":438,"column":21}},"185":{"start":{"line":442,"column":4},"end":{"line":455,"column":7}},"186":{"start":{"line":443,"column":27},"end":{"line":453,"column":7}},"187":{"start":{"line":454,"column":6},"end":{"line":454,"column":26}},"188":{"start":{"line":462,"column":4},"end":{"line":469,"column":13}},"189":{"start":{"line":466,"column":29},"end":{"line":466,"column":46}},"190":{"start":{"line":467,"column":8},"end":{"line":467,"column":25}},"191":{"start":{"line":468,"column":8},"end":{"line":468,"column":19}},"192":{"start":{"line":473,"column":0},"end":{"line":483,"column":2}},"193":{"start":{"line":475,"column":2},"end":{"line":478,"column":5}},"194":{"start":{"line":477,"column":4},"end":{"line":477,"column":56}},"195":{"start":{"line":480,"column":2},"end":{"line":482,"column":5}},"196":{"start":{"line":481,"column":4},"end":{"line":481,"column":57}}},"fnMap":{"0":{"name":"(anonymous_0)","decl":{"start":{"line":19,"column":2},"end":{"line":19,"column":3}},"loc":{"start":{"line":19,"column":39},"end":{"line":27,"column":3}},"line":19},"1":{"name":"(anonymous_1)","decl":{"start":{"line":29,"column":2},"end":{"line":29,"column":3}},"loc":{"start":{"line":29,"column":40},"end":{"line":32,"column":3}},"line":29},"2":{"name":"(anonymous_2)","decl":{"start":{"line":36,"column":2},"end":{"line":36,"column":3}},"loc":{"start":{"line":36,"column":41},"end":{"line":40,"column":3}},"line":36},"3":{"name":"(anonymous_3)","decl":{"start":{"line":42,"column":2},"end":{"line":42,"column":3}},"loc":{"start":{"line":42,"column":37},"end":{"line":48,"column":3}},"line":42},"4":{"name":"(anonymous_4)","decl":{"start":{"line":50,"column":2},"end":{"line":50,"column":3}},"loc":{"start":{"line":50,"column":45},"end":{"line":137,"column":3}},"line":50},"5":{"name":"(anonymous_5)","decl":{"start":{"line":69,"column":35},"end":{"line":69,"column":36}},"loc":{"start":{"line":69,"column":41},"end":{"line":82,"column":7}},"line":69},"6":{"name":"(anonymous_6)","decl":{"start":{"line":85,"column":17},"end":{"line":85,"column":18}},"loc":{"start":{"line":85,"column":23},"end":{"line":93,"column":7}},"line":85},"7":{"name":"(anonymous_7)","decl":{"start":{"line":107,"column":56},"end":{"line":107,"column":57}},"loc":{"start":{"line":108,"column":8},"end":{"line":108,"column":56}},"line":108},"8":{"name":"(anonymous_8)","decl":{"start":{"line":118,"column":25},"end":{"line":118,"column":26}},"loc":{"start":{"line":118,"column":34},"end":{"line":130,"column":7}},"line":118},"9":{"name":"(anonymous_9)","decl":{"start":{"line":132,"column":27},"end":{"line":132,"column":28}},"loc":{"start":{"line":132,"column":33},"end":{"line":135,"column":7}},"line":132},"10":{"name":"(anonymous_10)","decl":{"start":{"line":141,"column":2},"end":{"line":141,"column":3}},"loc":{"start":{"line":141,"column":55},"end":{"line":266,"column":3}},"line":141},"11":{"name":"(anonymous_11)","decl":{"start":{"line":151,"column":38},"end":{"line":151,"column":39}},"loc":{"start":{"line":151,"column":50},"end":{"line":153,"column":5}},"line":151},"12":{"name":"(anonymous_12)","decl":{"start":{"line":181,"column":29},"end":{"line":181,"column":30}},"loc":{"start":{"line":181,"column":49},"end":{"line":225,"column":5}},"line":181},"13":{"name":"(anonymous_13)","decl":{"start":{"line":227,"column":25},"end":{"line":227,"column":26}},"loc":{"start":{"line":227,"column":36},"end":{"line":243,"column":5}},"line":227},"14":{"name":"(anonymous_14)","decl":{"start":{"line":245,"column":24},"end":{"line":245,"column":25}},"loc":{"start":{"line":245,"column":30},"end":{"line":265,"column":5}},"line":245},"15":{"name":"(anonymous_15)","decl":{"start":{"line":270,"column":2},"end":{"line":270,"column":3}},"loc":{"start":{"line":270,"column":36},"end":{"line":324,"column":3}},"line":270},"16":{"name":"(anonymous_16)","decl":{"start":{"line":274,"column":23},"end":{"line":274,"column":24}},"loc":{"start":{"line":274,"column":36},"end":{"line":323,"column":5}},"line":274},"17":{"name":"(anonymous_17)","decl":{"start":{"line":278,"column":14},"end":{"line":278,"column":15}},"loc":{"start":{"line":278,"column":28},"end":{"line":314,"column":9}},"line":278},"18":{"name":"(anonymous_18)","decl":{"start":{"line":303,"column":18},"end":{"line":303,"column":19}},"loc":{"start":{"line":303,"column":28},"end":{"line":310,"column":13}},"line":303},"19":{"name":"(anonymous_19)","decl":{"start":{"line":311,"column":19},"end":{"line":311,"column":20}},"loc":{"start":{"line":312,"column":14},"end":{"line":312,"column":65}},"line":312},"20":{"name":"(anonymous_20)","decl":{"start":{"line":315,"column":15},"end":{"line":315,"column":16}},"loc":{"start":{"line":315,"column":26},"end":{"line":322,"column":9}},"line":315},"21":{"name":"(anonymous_21)","decl":{"start":{"line":327,"column":2},"end":{"line":327,"column":3}},"loc":{"start":{"line":327,"column":45},"end":{"line":386,"column":3}},"line":327},"22":{"name":"(anonymous_22)","decl":{"start":{"line":346,"column":14},"end":{"line":346,"column":15}},"loc":{"start":{"line":346,"column":28},"end":{"line":379,"column":9}},"line":346},"23":{"name":"(anonymous_23)","decl":{"start":{"line":380,"column":15},"end":{"line":380,"column":16}},"loc":{"start":{"line":380,"column":24},"end":{"line":384,"column":9}},"line":380},"24":{"name":"(anonymous_24)","decl":{"start":{"line":390,"column":2},"end":{"line":390,"column":3}},"loc":{"start":{"line":390,"column":44},"end":{"line":428,"column":3}},"line":390},"25":{"name":"(anonymous_25)","decl":{"start":{"line":401,"column":20},"end":{"line":401,"column":21}},"loc":{"start":{"line":401,"column":30},"end":{"line":405,"column":5}},"line":401},"26":{"name":"(anonymous_26)","decl":{"start":{"line":407,"column":20},"end":{"line":407,"column":21}},"loc":{"start":{"line":407,"column":32},"end":{"line":411,"column":5}},"line":407},"27":{"name":"(anonymous_27)","decl":{"start":{"line":432,"column":2},"end":{"line":432,"column":3}},"loc":{"start":{"line":432,"column":35},"end":{"line":439,"column":3}},"line":432},"28":{"name":"(anonymous_28)","decl":{"start":{"line":441,"column":2},"end":{"line":441,"column":3}},"loc":{"start":{"line":441,"column":31},"end":{"line":456,"column":3}},"line":441},"29":{"name":"(anonymous_29)","decl":{"start":{"line":442,"column":27},"end":{"line":442,"column":28}},"loc":{"start":{"line":442,"column":43},"end":{"line":455,"column":5}},"line":442},"30":{"name":"(anonymous_30)","decl":{"start":{"line":461,"column":2},"end":{"line":461,"column":3}},"loc":{"start":{"line":461,"column":28},"end":{"line":470,"column":3}},"line":461},"31":{"name":"(anonymous_31)","decl":{"start":{"line":465,"column":14},"end":{"line":465,"column":15}},"loc":{"start":{"line":465,"column":30},"end":{"line":469,"column":7}},"line":465},"32":{"name":"(anonymous_32)","decl":{"start":{"line":473,"column":17},"end":{"line":473,"column":18}},"loc":{"start":{"line":473,"column":23},"end":{"line":483,"column":1}},"line":473},"33":{"name":"(anonymous_33)","decl":{"start":{"line":475,"column":26},"end":{"line":475,"column":27}},"loc":{"start":{"line":475,"column":48},"end":{"line":478,"column":3}},"line":475},"34":{"name":"(anonymous_34)","decl":{"start":{"line":480,"column":27},"end":{"line":480,"column":28}},"loc":{"start":{"line":480,"column":49},"end":{"line":482,"column":3}},"line":480}},"branchMap":{"0":{"loc":{"start":{"line":22,"column":4},"end":{"line":26,"column":5}},"type":"if","locations":[{"start":{"line":22,"column":4},"end":{"line":26,"column":5}},{"start":{"line":22,"column":4},"end":{"line":26,"column":5}}],"line":22},"1":{"loc":{"start":{"line":30,"column":4},"end":{"line":31,"column":53}},"type":"if","locations":[{"start":{"line":30,"column":4},"end":{"line":31,"column":53}},{"start":{"line":30,"column":4},"end":{"line":31,"column":53}}],"line":30},"2":{"loc":{"start":{"line":37,"column":4},"end":{"line":39,"column":5}},"type":"if","locations":[{"start":{"line":37,"column":4},"end":{"line":39,"column":5}},{"start":{"line":37,"column":4},"end":{"line":39,"column":5}}],"line":37},"3":{"loc":{"start":{"line":44,"column":4},"end":{"line":47,"column":5}},"type":"if","locations":[{"start":{"line":44,"column":4},"end":{"line":47,"column":5}},{"start":{"line":44,"column":4},"end":{"line":47,"column":5}}],"line":44},"4":{"loc":{"start":{"line":62,"column":4},"end":{"line":136,"column":5}},"type":"if","locations":[{"start":{"line":62,"column":4},"end":{"line":136,"column":5}},{"start":{"line":62,"column":4},"end":{"line":136,"column":5}}],"line":62},"5":{"loc":{"start":{"line":70,"column":8},"end":{"line":81,"column":9}},"type":"if","locations":[{"start":{"line":70,"column":8},"end":{"line":81,"column":9}},{"start":{"line":70,"column":8},"end":{"line":81,"column":9}}],"line":70},"6":{"loc":{"start":{"line":70,"column":12},"end":{"line":70,"column":45}},"type":"binary-expr","locations":[{"start":{"line":70,"column":12},"end":{"line":70,"column":28}},{"start":{"line":70,"column":32},"end":{"line":70,"column":45}}],"line":70},"7":{"loc":{"start":{"line":74,"column":15},"end":{"line":81,"column":9}},"type":"if","locations":[{"start":{"line":74,"column":15},"end":{"line":81,"column":9}},{"start":{"line":74,"column":15},"end":{"line":81,"column":9}}],"line":74},"8":{"loc":{"start":{"line":78,"column":15},"end":{"line":81,"column":9}},"type":"if","locations":[{"start":{"line":78,"column":15},"end":{"line":81,"column":9}},{"start":{"line":78,"column":15},"end":{"line":81,"column":9}}],"line":78},"9":{"loc":{"start":{"line":87,"column":8},"end":{"line":92,"column":9}},"type":"if","locations":[{"start":{"line":87,"column":8},"end":{"line":92,"column":9}},{"start":{"line":87,"column":8},"end":{"line":92,"column":9}}],"line":87},"10":{"loc":{"start":{"line":103,"column":6},"end":{"line":105,"column":7}},"type":"if","locations":[{"start":{"line":103,"column":6},"end":{"line":105,"column":7}},{"start":{"line":103,"column":6},"end":{"line":105,"column":7}}],"line":103},"11":{"loc":{"start":{"line":166,"column":4},"end":{"line":173,"column":5}},"type":"if","locations":[{"start":{"line":166,"column":4},"end":{"line":173,"column":5}},{"start":{"line":166,"column":4},"end":{"line":173,"column":5}}],"line":166},"12":{"loc":{"start":{"line":167,"column":6},"end":{"line":168,"column":41}},"type":"binary-expr","locations":[{"start":{"line":167,"column":6},"end":{"line":167,"column":40}},{"start":{"line":168,"column":6},"end":{"line":168,"column":41}}],"line":167},"13":{"loc":{"start":{"line":184,"column":8},"end":{"line":184,"column":77}},"type":"binary-expr","locations":[{"start":{"line":184,"column":8},"end":{"line":184,"column":31}},{"start":{"line":184,"column":35},"end":{"line":184,"column":77}}],"line":184},"14":{"loc":{"start":{"line":186,"column":6},"end":{"line":192,"column":7}},"type":"if","locations":[{"start":{"line":186,"column":6},"end":{"line":192,"column":7}},{"start":{"line":186,"column":6},"end":{"line":192,"column":7}}],"line":186},"15":{"loc":{"start":{"line":195,"column":6},"end":{"line":210,"column":7}},"type":"if","locations":[{"start":{"line":195,"column":6},"end":{"line":210,"column":7}},{"start":{"line":195,"column":6},"end":{"line":210,"column":7}}],"line":195},"16":{"loc":{"start":{"line":195,"column":10},"end":{"line":195,"column":66}},"type":"binary-expr","locations":[{"start":{"line":195,"column":10},"end":{"line":195,"column":36}},{"start":{"line":195,"column":40},"end":{"line":195,"column":66}}],"line":195},"17":{"loc":{"start":{"line":199,"column":8},"end":{"line":201,"column":46}},"type":"cond-expr","locations":[{"start":{"line":200,"column":13},"end":{"line":200,"column":45}},{"start":{"line":201,"column":13},"end":{"line":201,"column":45}}],"line":199},"18":{"loc":{"start":{"line":219,"column":6},"end":{"line":223,"column":7}},"type":"if","locations":[{"start":{"line":219,"column":6},"end":{"line":223,"column":7}},{"start":{"line":219,"column":6},"end":{"line":223,"column":7}}],"line":219},"19":{"loc":{"start":{"line":230,"column":6},"end":{"line":230,"column":25}},"type":"if","locations":[{"start":{"line":230,"column":6},"end":{"line":230,"column":25}},{"start":{"line":230,"column":6},"end":{"line":230,"column":25}}],"line":230},"20":{"loc":{"start":{"line":234,"column":13},"end":{"line":234,"column":48}},"type":"binary-expr","locations":[{"start":{"line":234,"column":13},"end":{"line":234,"column":25}},{"start":{"line":234,"column":29},"end":{"line":234,"column":48}}],"line":234},"21":{"loc":{"start":{"line":250,"column":6},"end":{"line":262,"column":7}},"type":"if","locations":[{"start":{"line":250,"column":6},"end":{"line":262,"column":7}},{"start":{"line":250,"column":6},"end":{"line":262,"column":7}}],"line":250},"22":{"loc":{"start":{"line":253,"column":13},"end":{"line":262,"column":7}},"type":"if","locations":[{"start":{"line":253,"column":13},"end":{"line":262,"column":7}},{"start":{"line":253,"column":13},"end":{"line":262,"column":7}}],"line":253},"23":{"loc":{"start":{"line":254,"column":8},"end":{"line":257,"column":79}},"type":"binary-expr","locations":[{"start":{"line":254,"column":8},"end":{"line":254,"column":12}},{"start":{"line":255,"column":8},"end":{"line":255,"column":34}},{"start":{"line":256,"column":8},"end":{"line":256,"column":50}},{"start":{"line":257,"column":8},"end":{"line":257,"column":79}}],"line":254},"24":{"loc":{"start":{"line":284,"column":10},"end":{"line":291,"column":11}},"type":"if","locations":[{"start":{"line":284,"column":10},"end":{"line":291,"column":11}},{"start":{"line":284,"column":10},"end":{"line":291,"column":11}}],"line":284},"25":{"loc":{"start":{"line":298,"column":27},"end":{"line":300,"column":29}},"type":"cond-expr","locations":[{"start":{"line":299,"column":14},"end":{"line":299,"column":29}},{"start":{"line":300,"column":14},"end":{"line":300,"column":29}}],"line":298},"26":{"loc":{"start":{"line":339,"column":4},"end":{"line":385,"column":5}},"type":"if","locations":[{"start":{"line":339,"column":4},"end":{"line":385,"column":5}},{"start":{"line":339,"column":4},"end":{"line":385,"column":5}}],"line":339},"27":{"loc":{"start":{"line":362,"column":10},"end":{"line":366,"column":11}},"type":"if","locations":[{"start":{"line":362,"column":10},"end":{"line":366,"column":11}},{"start":{"line":362,"column":10},"end":{"line":366,"column":11}}],"line":362},"28":{"loc":{"start":{"line":371,"column":10},"end":{"line":376,"column":11}},"type":"if","locations":[{"start":{"line":371,"column":10},"end":{"line":376,"column":11}},{"start":{"line":371,"column":10},"end":{"line":376,"column":11}}],"line":371},"29":{"loc":{"start":{"line":402,"column":6},"end":{"line":404,"column":7}},"type":"if","locations":[{"start":{"line":402,"column":6},"end":{"line":404,"column":7}},{"start":{"line":402,"column":6},"end":{"line":404,"column":7}}],"line":402},"30":{"loc":{"start":{"line":423,"column":4},"end":{"line":425,"column":5}},"type":"if","locations":[{"start":{"line":423,"column":4},"end":{"line":425,"column":5}},{"start":{"line":423,"column":4},"end":{"line":425,"column":5}}],"line":423},"31":{"loc":{"start":{"line":423,"column":8},"end":{"line":423,"column":45}},"type":"binary-expr","locations":[{"start":{"line":423,"column":8},"end":{"line":423,"column":24}},{"start":{"line":423,"column":28},"end":{"line":423,"column":45}}],"line":423},"32":{"loc":{"start":{"line":447,"column":18},"end":{"line":447,"column":67}},"type":"cond-expr","locations":[{"start":{"line":447,"column":40},"end":{"line":447,"column":59}},{"start":{"line":447,"column":62},"end":{"line":447,"column":67}}],"line":447},"33":{"loc":{"start":{"line":449,"column":16},"end":{"line":449,"column":61}},"type":"cond-expr","locations":[{"start":{"line":449,"column":36},"end":{"line":449,"column":53}},{"start":{"line":449,"column":56},"end":{"line":449,"column":61}}],"line":449},"34":{"loc":{"start":{"line":450,"column":18},"end":{"line":450,"column":67}},"type":"cond-expr","locations":[{"start":{"line":450,"column":40},"end":{"line":450,"column":59}},{"start":{"line":450,"column":62},"end":{"line":450,"column":67}}],"line":450},"35":{"loc":{"start":{"line":451,"column":17},"end":{"line":451,"column":64}},"type":"cond-expr","locations":[{"start":{"line":451,"column":38},"end":{"line":451,"column":56}},{"start":{"line":451,"column":59},"end":{"line":451,"column":64}}],"line":451},"36":{"loc":{"start":{"line":452,"column":24},"end":{"line":452,"column":68}},"type":"cond-expr","locations":[{"start":{"line":452,"column":45},"end":{"line":452,"column":63}},{"start":{"line":452,"column":66},"end":{"line":452,"column":68}}],"line":452}},"s":{"0":1,"1":1,"2":1,"3":1,"4":1,"5":1,"6":1,"7":1,"8":1,"9":0,"10":0,"11":0,"12":0,"13":0,"14":0,"15":0,"16":0,"17":0,"18":0,"19":0,"20":0,"21":0,"22":0,"23":0,"24":0,"25":0,"26":0,"27":0,"28":0,"29":0,"30":0,"31":0,"32":0,"33":0,"34":0,"35":0,"36":0,"37":0,"38":0,"39":0,"40":0,"41":0,"42":0,"43":0,"44":0,"45":0,"46":0,"47":0,"48":0,"49":0,"50":0,"51":0,"52":0,"53":0,"54":0,"55":0,"56":0,"57":0,"58":0,"59":0,"60":0,"61":0,"62":0,"63":0,"64":0,"65":0,"66":0,"67":0,"68":0,"69":0,"70":0,"71":0,"72":0,"73":0,"74":0,"75":0,"76":0,"77":0,"78":0,"79":0,"80":0,"81":0,"82":0,"83":0,"84":0,"85":0,"86":0,"87":0,"88":0,"89":0,"90":0,"91":0,"92":0,"93":0,"94":0,"95":0,"96":0,"97":0,"98":0,"99":0,"100":0,"101":0,"102":0,"103":0,"104":0,"105":0,"106":0,"107":0,"108":0,"109":0,"110":0,"111":0,"112":0,"113":0,"114":0,"115":0,"116":0,"117":0,"118":0,"119":0,"120":0,"121":0,"122":0,"123":0,"124":0,"125":0,"126":0,"127":0,"128":0,"129":0,"130":0,"131":0,"132":0,"133":0,"134":0,"135":0,"136":0,"137":0,"138":0,"139":0,"140":0,"141":0,"142":0,"143":0,"144":0,"145":0,"146":0,"147":0,"148":0,"149":0,"150":0,"151":0,"152":0,"153":0,"154":0,"155":0,"156":0,"157":0,"158":0,"159":0,"160":0,"161":0,"162":0,"163":0,"164":0,"165":0,"166":0,"167":0,"168":0,"169":0,"170":0,"171":0,"172":0,"173":0,"174":0,"175":0,"176":0,"177":0,"178":0,"179":0,"180":0,"181":0,"182":0,"183":0,"184":0,"185":0,"186":0,"187":0,"188":0,"189":0,"190":0,"191":0,"192":1,"193":1,"194":0,"195":1,"196":0},"f":{"0":0,"1":0,"2":0,"3":0,"4":0,"5":0,"6":0,"7":0,"8":0,"9":0,"10":0,"11":0,"12":0,"13":0,"14":0,"15":0,"16":0,"17":0,"18":0,"19":0,"20":0,"21":0,"22":0,"23":0,"24":0,"25":0,"26":0,"27":0,"28":0,"29":0,"30":0,"31":0,"32":1,"33":0,"34":0},"b":{"0":[0,0],"1":[0,0],"2":[0,0],"3":[0,0],"4":[0,0],"5":[0,0],"6":[0,0],"7":[0,0],"8":[0,0],"9":[0,0],"10":[0,0],"11":[0,0],"12":[0,0],"13":[0,0],"14":[0,0],"15":[0,0],"16":[0,0],"17":[0,0],"18":[0,0],"19":[0,0],"20":[0,0],"21":[0,0],"22":[0,0],"23":[0,0,0,0],"24":[0,0],"25":[0,0],"26":[0,0],"27":[0,0],"28":[0,0],"29":[0,0],"30":[0,0],"31":[0,0],"32":[0,0],"33":[0,0],"34":[0,0],"35":[0,0],"36":[0,0]},"_coverageSchema":"1a1c01bbd47fc00a2c39e90264f33305004495a9","hash":"d6af352d7df13417efecf6f47d5332743fd2850f","contentHash":"245e314fd9d1a210ca43cb3fee0627651d64d311024eb1b8d05c2bb514711993"},"/Users/alexadams/Documents/code/open-source-projects/Swell/main_process/SSEController.js":{"path":"/Users/alexadams/Documents/code/open-source-projects/Swell/main_process/SSEController.js","statementMap":{"0":{"start":{"line":1,"column":13},"end":{"line":1,"column":28}},"1":{"start":{"line":3,"column":20},"end":{"line":3,"column":42}},"2":{"start":{"line":5,"column":22},"end":{"line":5,"column":24}},"3":{"start":{"line":8,"column":0},"end":{"line":8,"column":38}},"4":{"start":{"line":10,"column":0},"end":{"line":15,"column":2}},"5":{"start":{"line":11,"column":2},"end":{"line":11,"column":33}},"6":{"start":{"line":12,"column":2},"end":{"line":12,"column":26}},"7":{"start":{"line":13,"column":2},"end":{"line":13,"column":48}},"8":{"start":{"line":14,"column":2},"end":{"line":14,"column":47}},"9":{"start":{"line":17,"column":0},"end":{"line":49,"column":2}},"10":{"start":{"line":19,"column":22},"end":{"line":19,"column":29}},"11":{"start":{"line":25,"column":20},"end":{"line":25,"column":30}},"12":{"start":{"line":27,"column":2},"end":{"line":48,"column":3}},"13":{"start":{"line":28,"column":4},"end":{"line":41,"column":9}},"14":{"start":{"line":30,"column":8},"end":{"line":30,"column":56}},"15":{"start":{"line":31,"column":8},"end":{"line":31,"column":38}},"16":{"start":{"line":32,"column":8},"end":{"line":32,"column":41}},"17":{"start":{"line":34,"column":8},"end":{"line":34,"column":44}},"18":{"start":{"line":36,"column":8},"end":{"line":36,"column":75}},"19":{"start":{"line":37,"column":8},"end":{"line":37,"column":22}},"20":{"start":{"line":40,"column":8},"end":{"line":40,"column":49}},"21":{"start":{"line":43,"column":4},"end":{"line":46,"column":6}},"22":{"start":{"line":47,"column":4},"end":{"line":47,"column":65}},"23":{"start":{"line":51,"column":0},"end":{"line":74,"column":2}},"24":{"start":{"line":53,"column":14},"end":{"line":53,"column":44}},"25":{"start":{"line":54,"column":2},"end":{"line":54,"column":55}},"26":{"start":{"line":56,"column":2},"end":{"line":58,"column":4}},"27":{"start":{"line":60,"column":2},"end":{"line":68,"column":4}},"28":{"start":{"line":62,"column":23},"end":{"line":62,"column":37}},"29":{"start":{"line":64,"column":4},"end":{"line":64,"column":52}},"30":{"
[...]
:23}},"loc":{"start":{"line":180,"column":32},"end":{"line":188,"column":5}},"line":180},"12":{"name":"(anonymous_12)","decl":{"start":{"line":184,"column":23},"end":{"line":184,"column":24}},"loc":{"start":{"line":184,"column":39},"end":{"line":186,"column":7}},"line":184},"13":{"name":"(anonymous_13)","decl":{"start":{"line":210,"column":20},"end":{"line":210,"column":21}},"loc":{"start":{"line":210,"column":34},"end":{"line":229,"column":5}},"line":210},"14":{"name":"(anonymous_14)","decl":{"start":{"line":230,"column":24},"end":{"line":230,"column":25}},"loc":{"start":{"line":230,"column":34},"end":{"line":237,"column":5}},"line":230},"15":{"name":"(anonymous_15)","decl":{"start":{"line":233,"column":23},"end":{"line":233,"column":24}},"loc":{"start":{"line":233,"column":39},"end":{"line":235,"column":7}},"line":233},"16":{"name":"(anonymous_16)","decl":{"start":{"line":238,"column":21},"end":{"line":238,"column":22}},"loc":{"start":{"line":238,"column":27},"end":{"line":242,"column":5}},"line":238},"17":{"name":"(anonymous_17)","decl":{"start":{"line":243,"column":19},"end":{"line":243,"column":20}},"loc":{"start":{"line":243,"column":29},"end":{"line":248,"column":5}},"line":243},"18":{"name":"(anonymous_18)","decl":{"start":{"line":269,"column":17},"end":{"line":269,"column":18}},"loc":{"start":{"line":269,"column":23},"end":{"line":275,"column":1}},"line":269},"19":{"name":"(anonymous_19)","decl":{"start":{"line":271,"column":26},"end":{"line":271,"column":27}},"loc":{"start":{"line":271,"column":48},"end":{"line":274,"column":3}},"line":271}},"branchMap":{"0":{"loc":{"start":{"line":26,"column":4},"end":{"line":35,"column":5}},"type":"if","locations":[{"start":{"line":26,"column":4},"end":{"line":35,"column":5}},{"start":{"line":26,"column":4},"end":{"line":35,"column":5}}],"line":26},"1":{"loc":{"start":{"line":30,"column":8},"end":{"line":33,"column":9}},"type":"if","locations":[{"start":{"line":30,"column":8},"end":{"line":33,"column":9}},{"start":{"line":30,"column":8},"end":{"line":33,"column":9}}],"line":30},"2":{"loc":{"start":{"line":62,"column":2},"end":{"line":265,"column":3}},"type":"if","locations":[{"start":{"line":62,"column":2},"end":{"line":265,"column":3}},{"start":{"line":62,"column":2},"end":{"line":265,"column":3}}],"line":62},"3":{"loc":{"start":{"line":72,"column":6},"end":{"line":77,"column":7}},"type":"if","locations":[{"start":{"line":72,"column":6},"end":{"line":77,"column":7}},{"start":{"line":72,"column":6},"end":{"line":77,"column":7}}],"line":72},"4":{"loc":{"start":{"line":88,"column":6},"end":{"line":94,"column":7}},"type":"if","locations":[{"start":{"line":88,"column":6},"end":{"line":94,"column":7}},{"start":{"line":88,"column":6},"end":{"line":94,"column":7}}],"line":88},"5":{"loc":{"start":{"line":107,"column":9},"end":{"line":265,"column":3}},"type":"if","locations":[{"start":{"line":107,"column":9},"end":{"line":265,"column":3}},{"start":{"line":107,"column":9},"end":{"line":265,"column":3}}],"line":107},"6":{"loc":{"start":{"line":121,"column":6},"end":{"line":127,"column":7}},"type":"if","locations":[{"start":{"line":121,"column":6},"end":{"line":127,"column":7}},{"start":{"line":121,"column":6},"end":{"line":127,"column":7}}],"line":121},"7":{"loc":{"start":{"line":138,"column":6},"end":{"line":138,"column":76}},"type":"if","locations":[{"start":{"line":138,"column":6},"end":{"line":138,"column":76}},{"start":{"line":138,"column":6},"end":{"line":138,"column":76}}],"line":138},"8":{"loc":{"start":{"line":150,"column":9},"end":{"line":265,"column":3}},"type":"if","locations":[{"start":{"line":150,"column":9},"end":{"line":265,"column":3}},{"start":{"line":150,"column":9},"end":{"line":265,"column":3}}],"line":150},"9":{"loc":{"start":{"line":156,"column":6},"end":{"line":161,"column":7}},"type":"if","locations":[{"start":{"line":156,"column":6},"end":{"line":161,"column":7}},{"start":{"line":156,"column":6},"end":{"line":161,"column":7}}],"line":156},"10":{"loc":{"start":{"line":171,"column":6},"end":{"line":177,"column":7}},"type":"if","locations":[{"start":{"line":171,"column":6},"end":{"line":177,"column":7}},{"start":{"line":171,"column":6},"end":{"line":177,"column":7}}],"line":171},"11":{"loc":{"start":{"line":220,"column":6},"end":{"line":226,"column":7}},"type":"if","locations":[{"start":{"line":220,"column":6},"end":{"line":226,"column":7}},{"start":{"line":220,"column":6},"end":{"line":226,"column":7}}],"line":220},"12":{"loc":{"start":{"line":245,"column":6},"end":{"line":245,"column":76}},"type":"if","locations":[{"start":{"line":245,"column":6},"end":{"line":245,"column":76}},{"start":{"line":245,"column":6},"end":{"line":245,"column":76}}],"line":245},"13":{"loc":{"start":{"line":254,"column":6},"end":{"line":258,"column":7}},"type":"if","locations":[{"start":{"line":254,"column":6},"end":{"line":258,"column":7}},{"start":{"line":254,"column":6},"end":{"line":258,"column":7}}],"line":254}},"s":{"0":1,"1":1,"2":1,"3":1,"4":1,"5":1,"6":0,"7":0,"8":0,"9":0,"10":0,"11":0,"12":0,"13":0,"14":0,"15":0,"16":0,"17":0,"18":0,"19":0,"20":0,"21":0,"22":0,"23":0,"24":0,"25":0,"26":0,"27":0,"28":0,"29":0,"30":0,"31":0,"32":0,"33":0,"34":0,"35":0,"36":0,"37":0,"38":0,"39":0,"40":0,"41":0,"42":0,"43":0,"44":0,"45":0,"46":0,"47":0,"48":0,"49":0,"50":0,"51":0,"52":0,"53":0,"54":0,"55":0,"56":0,"57":0,"58":0,"59":0,"60":0,"61":0,"62":0,"63":0,"64":0,"65":0,"66":0,"67":0,"68":0,"69":0,"70":0,"71":0,"72":0,"73":0,"74":0,"75":0,"76":0,"77":0,"78":0,"79":0,"80":0,"81":0,"82":0,"83":0,"84":0,"85":0,"86":0,"87":0,"88":0,"89":0,"90":0,"91":0,"92":0,"93":0,"94":0,"95":0,"96":0,"97":0,"98":0,"99":0,"100":0,"101":0,"102":0,"103":0,"104":0,"105":0,"106":0,"107":0,"108":0,"109":0,"110":0,"111":0,"112":0,"113":0,"114":0,"115":0,"116":0,"117":0,"118":0,"119":0,"120":0,"121":0,"122":0,"123":0,"124":0,"125":0,"126":0,"127":0,"128":0,"129":0,"130":0,"131":0,"132":0,"133":0,"134":0,"135":0,"136":0,"137":0,"138":0,"139":0,"140":0,"141":0,"142":0,"143":0,"144":0,"145":0,"146":0,"147":0,"148":0,"149":0,"150":0,"151":0,"152":0,"153":0,"154":1,"155":1,"156":0},"f":{"0":0,"1":0,"2":0,"3":0,"4":0,"5":0,"6":0,"7":0,"8":0,"9":0,"10":0,"11":0,"12":0,"13":0,"14":0,"15":0,"16":0,"17":0,"18":1,"19":0},"b":{"0":[0,0],"1":[0,0],"2":[0,0],"3":[0,0],"4":[0,0],"5":[0,0],"6":[0,0],"7":[0,0],"8":[0,0],"9":[0,0],"10":[0,0],"11":[0,0],"12":[0,0],"13":[0,0]},"_coverageSchema":"1a1c01bbd47fc00a2c39e90264f33305004495a9","hash":"67f5c3f59ab497743ee01fcfa2ba28cd875ee2c5","contentHash":"8e9c8ffb032b7a7f90d34ad3aa8938ee06e99d1bd4daf25ac7b0a2830a1f22e5"},"/Users/alexadams/Documents/code/open-source-projects/Swell/main_process/main_wsController.js":{"path":"/Users/alexadams/Documents/code/open-source-projects/Swell/main_process/main_wsController.js","statementMap":{"0":{"start":{"line":2,"column":20},"end":{"line":2,"column":39}},"1":{"start":{"line":3,"column":19},"end":{"line":3,"column":38}},"2":{"start":{"line":4,"column":24},"end":{"line":4,"column":51}},"3":{"start":{"line":5,"column":11},"end":{"line":5,"column":24}},"4":{"start":{"line":6,"column":26},"end":{"line":6,"column":61}},"5":{"start":{"line":8,"column":21},"end":{"line":121,"column":1}},"6":{"start":{"line":12,"column":4},"end":{"line":12,"column":37}},"7":{"start":{"line":13,"column":4},"end":{"line":13,"column":36}},"8":{"start":{"line":14,"column":4},"end":{"line":14,"column":37}},"9":{"start":{"line":15,"column":4},"end":{"line":15,"column":28}},"10":{"start":{"line":16,"column":4},"end":{"line":16,"column":36}},"11":{"start":{"line":19,"column":4},"end":{"line":19,"column":49}},"12":{"start":{"line":24,"column":4},"end":{"line":30,"column":5}},"13":{"start":{"line":25,"column":6},"end":{"line":25,"column":37}},"14":{"start":{"line":27,"column":6},"end":{"line":27,"column":37}},"15":{"start":{"line":28,"column":6},"end":{"line":28,"column":51}},"16":{"start":{"line":29,"column":6},"end":{"line":29,"column":13}},"17":{"start":{"line":34,"column":4},"end":{"line":53,"column":7}},"18":{"start":{"line":35,"column":6},"end":{"line":35,"column":48}},"19":{"start":{"line":36,"column":6},"end":{"line":36,"column":34}},"20":{"start":{"line":37,"column":6},"end":{"line":37,"column":36}},"21":{"start":{"line":38,"column":6},"end":{"line":38,"column":45}},"22":{"start":{"line":40,"column":32},"end":{"line":44,"column":7}},"23":{"start":{"line":45,"column":6},"end":{"line":45,"column":46}},"24":{"start":{"line":46,"column":6},"end":{"line":46,"column":67}},"25":{"start":{"line":47,"column":6},"end":{"line":47,"column":51}},"26":{"start":{"line":50,"column":6},"end":{"line":52,"column":9}},"27":{"start":{"line":51,"column":8},"end":{"line":51,"column":33}},"28":{"start":{"line":56,"column":4},"end":{"line":62,"column":7}},"29":{"start":{"line":57,"column":6},"end":{"line":57,"column":59}},"30":{"start":{"line":58,"column":6},"end":{"line":58,"column":37}},"31":{"start":{"line":59,"column":6},"end":{"line":59,"column":42}},"32":{"start":{"line":61,"column":6},"end":{"line":61,"column":51}},"33":{"start":{"line":65,"column":4},"end":{"line":65,"column":34}},"34":{"start":{"line":70,"column":4},"end":{"line":70,"column":27}},"35":{"start":{"line":75,"column":4},"end":{"line":90,"column":5}},"36":{"start":{"line":76,"column":21},"end":{"line":76,"column":54}},"37":{"start":{"line":77,"column":6},"end":{"line":77,"column":39}},"38":{"start":{"line":78,"column":6},"end":{"line":78,"column":39}},"39":{"start":{"line":79,"column":6},"end":{"line":82,"column":9}},"40":{"start":{"line":84,"column":6},"end":{"line":84,"column":40}},"41":{"start":{"line":85,"column":6},"end":{"line":85,"column":39}},"42":{"start":{"line":86,"column":6},"end":{"line":89,"column":9}},"43":{"start":{"line":93,"column":4},"end":{"line":93,"column":49}},"44":{"start":{"line":98,"column":4},"end":{"line":119,"column":7}},"45":{"start":{"line":99,"column":6},"end":{"line":107,"column":13}},"46":{"start":{"line":109,"column":6},"end":{"line":115,"column":7}},"47":{"start":{"line":110,"column":8},"end":{"line":113,"column":10}},"48":{"start":{"line":114,"column":8},"end":{"line":114,"column":70}},"49":{"start":{"line":118,"column":6},"end":{"line":118,"column":51}},"50":{"start":{"line":122,"column":0},"end":{"line":173,"column":2}},"51":{"start":{"line":126,"column":2},"end":{"line":128,"column":5}},"52":{"start":{"line":127,"column":4},"end":{"line":127,"column":69}},"53":{"start":{"line":131,"column":2},"end":{"line":133,"column":5}},"54":{"start":{"line":132,"column":4},"end":{"line":132,"column":70}},"55":{"start":{"line":136,"column":2},"end":{"line":138,"column":5}},"56":{"start":{"line":137,"column":4},"end":{"line":137,"column":32}},"57":{"start":{"line":140,"column":2},"end":{"line":172,"column":5}},"58":{"start":{"line":142,"column":19},"end":{"line":159,"column":9}},"59":{"start":{"line":144,"column":8},"end":{"line":144,"column":34}},"60":{"start":{"line":145,"column":8},"end":{"line":145,"column":23}},"61":{"start":{"line":149,"column":10},"end":{"line":149,"column":36}},"62":{"start":{"line":150,"column":10},"end":{"line":150,"column":25}},"63":{"start":{"line":153,"column":22},"end":{"line":153,"column":53}},"64":{"start":{"line":154,"column":32},"end":{"line":159,"column":7}},"65":{"start":{"line":161,"column":17},"end":{"line":161,"column":68}},"66":{"start":{"line":164,"column":4},"end":{"line":171,"column":9}},"67":{"start":{"line":167,"column":8},"end":{"line":170,"column":11}},"68":{"start":{"line":168,"column":10},"end":{"line":168,"column":29}},"69":{"start":{"line":168,"column":19},"end":{"line":168,"column":29}},"70":{"start":{"line":169,"column":10},"end":{"line":169,"column":61}}},"fnMap":{"0":{"name":"(anonymous_0)","decl":{"start":{"line":10,"column":2},"end":{"line":10,"column":3}},"loc":{"start":{"line":10,"column":54},"end":{"line":66,"column":3}},"line":10},"1":{"name":"(anonymous_1)","decl":{"start":{"line":34,"column":25},"end":{"line":34,"column":26}},"loc":{"start":{"line":34,"column":41},"end":{"line":53,"column":5}},"line":34},"2":{"name":"(anonymous_2)","decl":{"start":{"line":50,"column":33},"end":{"line":50,"column":34}},"loc":{"start":{"line":50,"column":39},"end":{"line":52,"column":7}},"line":50},"3":{"name":"(anonymous_3)","decl":{"start":{"line":56,"column":31},"end":{"line":56,"column":32}},"loc":{"start":{"line":56,"column":42},"end":{"line":62,"column":5}},"line":56},"4":{"name":"(anonymous_4)","decl":{"start":{"line":69,"column":2},"end":{"line":69,"column":3}},"loc":{"start":{"line":69,"column":17},"end":{"line":71,"column":3}},"line":69},"5":{"name":"(anonymous_5)","decl":{"start":{"line":73,"column":2},"end":{"line":73,"column":3}},"loc":{"start":{"line":73,"column":55},"end":{"line":120,"column":3}},"line":73},"6":{"name":"(anonymous_6)","decl":{"start":{"line":98,"column":33},"end":{"line":98,"column":34}},"loc":{"start":{"line":98,"column":40},"end":{"line":119,"column":5}},"line":98},"7":{"name":"(anonymous_7)","decl":{"start":{"line":122,"column":17},"end":{"line":122,"column":18}},"loc":{"start":{"line":122,"column":23},"end":{"line":173,"column":1}},"line":122},"8":{"name":"(anonymous_8)","decl":{"start":{"line":126,"column":24},"end":{"line":126,"column":25}},"loc":{"start":{"line":126,"column":63},"end":{"line":128,"column":3}},"line":126},"9":{"name":"(anonymous_9)","decl":{"start":{"line":131,"column":24},"end":{"line":131,"column":25}},"loc":{"start":{"line":131,"column":60},"end":{"line":133,"column":3}},"line":131},"10":{"name":"(anonymous_10)","decl":{"start":{"line":136,"column":25},"end":{"line":136,"column":26}},"loc":{"start":{"line":136,"column":36},"end":{"line":138,"column":3}},"line":136},"11":{"name":"(anonymous_11)","decl":{"start":{"line":140,"column":30},"end":{"line":140,"column":31}},"loc":{"start":{"line":140,"column":77},"end":{"line":172,"column":3}},"line":140},"12":{"name":"(anonymous_12)","decl":{"start":{"line":143,"column":11},"end":{"line":143,"column":12}},"loc":{"start":{"line":143,"column":24},"end":{"line":146,"column":7}},"line":143},"13":{"name":"(anonymous_13)","decl":{"start":{"line":148,"column":29},"end":{"line":148,"column":30}},"loc":{"start":{"line":148,"column":42},"end":{"line":151,"column":9}},"line":148},"14":{"name":"(anonymous_14)","decl":{"start":{"line":153,"column":12},"end":{"line":153,"column":13}},"loc":{"start":{"line":153,"column":22},"end":{"line":153,"column":53}},"line":153},"15":{"name":"(anonymous_15)","decl":{"start":{"line":154,"column":11},"end":{"line":154,"column":12}},"loc":{"start":{"line":154,"column":32},"end":{"line":159,"column":7}},"line":154},"16":{"name":"(anonymous_16)","decl":{"start":{"line":166,"column":12},"end":{"line":166,"column":13}},"loc":{"start":{"line":166,"column":27},"end":{"line":171,"column":7}},"line":166},"17":{"name":"(anonymous_17)","decl":{"start":{"line":167,"column":47},"end":{"line":167,"column":48}},"loc":{"start":{"line":167,"column":56},"end":{"line":170,"column":9}},"line":167}},"branchMap":{"0":{"loc":{"start":{"line":75,"column":4},"end":{"line":90,"column":5}},"type":"if","locations":[{"start":{"line":75,"column":4},"end":{"line":90,"column":5}},{"start":{"line":75,"column":4},"end":{"line":90,"column":5}}],"line":75},"1":{"loc":{"start":{"line":99,"column":6},"end":{"line":107,"column":12}},"type":"cond-expr","locations":[{"start":{"line":100,"column":10},"end":{"line":103,"column":12}},{"start":{"line":104,"column":10},"end":{"line":107,"column":12}}],"line":99},"2":{"loc":{"start":{"line":109,"column":6},"end":{"line":115,"column":7}},"type":"if","locations":[{"start":{"line":109,"column":6},"end":{"line":115,"column":7}},{"start":{"line":109,"column":6},"end":{"line":115,"column":7}}],"line":109},"3":{"loc":{"start":{"line":168,"column":10},"end":{"line":168,"column":29}},"type":"if","locations":[{"start":{"line":168,"column":10},"end":{"line":168,"column":29}},{"start":{"line":168,"column":10},"end":{"line":168,"column":29}}],"line":168}},"s":{"0":1,"1":1,"2":1,"3":1,"4":1,"5":1,"6":0,"7":0,"8":0,"9":0,"10":0,"11":0,"12":0,"13":0,"14":0,"15":0,"16":0,"17":0,"18":0,"19":0,"20":0,"21":0,"22":0,"23":0,"24":0,"25":0,"26":0,"27":0,"28":0,"29":0,"30":0,"31":0,"32":0,"33":0,"34":0,"35":0,"36":0,"37":0,"38":0,"39":0,"40":0,"41":0,"42":0,"43":0,"44":0,"45":0,"46":0,"47":0,"48":0,"49":0,"50":1,"51":1,"52":0,"53":1,"54":0,"55":1,"56":0,"57":1,"58":0,"59":0,"60":0,"61":0,"62":0,"63":0,"64":0,"65":0,"66":0,"67":0,"68":0,"69":0,"70":0},"f":{"0":0,"1":0,"2":0,"3":0,"4":0,"5":0,"6":0,"7":1,"8":0,"9":0,"10":0,"11":0,"12":0,"13":0,"14":0,"15":0,"16":0,"17":0},"b":{"0":[0,0],"1":[0,0],"2":[0,0],"3":[0,0]},"_coverageSchema":"1a1c01bbd47fc00a2c39e90264f33305004495a9","hash":"67c8044e3fff9116f9eb71dc66dc43bbacba284c","contentHash":"f06b0d00c3a6f4514dc6cd6736d6d1058e2728ce296c1ecf265ebc68561c79c0"},"/Users/alexadams/Documents/code/open-source-projects/Swell/main_process/main_touchbar.js":{"path":"/Users/alexadams/Documents/code/open-source-projects/Swell/main_process/main_touchbar.js","statementMap":{"0":{"start":{"line":1,"column":21},"end":{"line":1,"column":40}},"1":{"start":{"line":4,"column":43},"end":{"line":4,"column":51}},"2":{"start":{"line":10,"column":26},"end":{"line":16,"column":2}},"3":{"start":{"line":14,"column":4},"end":{"line":14,"column":45}},"4":{"start":{"line":18,"column":28},"end":{"line":24,"column":2}},"5":{"start":{"line":22,"column":4},"end":{"line":22,"column":47}},"6":{"start":{"line":26,"column":29},"end":{"line":32,"column":2}},"7":{"start":{"line":30,"column":4},"end":{"line":30,"column":51}},"8":{"start":{"line":34,"column":30},"end":{"line":40,"column":2}},"9":{"start":{"line":38,"column":4},"end":{"line":38,"column":52}},"10":{"start":{"line":42,"column":28},"end":{"line":48,"column":2}},"11":{"start":{"line":46,"column":4},"end":{"line":46,"column":47}},"12":{"start":{"line":50,"column":26},"end":{"line":56,"column":2}},"13":{"start":{"line":54,"column":4},"end":{"line":54,"column":47}},"14":{"start":{"line":58,"column":25},"end":{"line":64,"column":2}},"15":{"start":{"line":62,"column":4},"end":{"line":62,"column":44}},"16":{"start":{"line":66,"column":17},"end":{"line":66,"column":37}},"17":{"start":{"line":68,"column":21},"end":{"line":70,"column":2}},"18":{"start":{"line":76,"column":17},"end":{"line":85,"column":2}},"19":{"start":{"line":87,"column":0},"end":{"line":87,"column":26}}},"fnMap":{"0":{"name":"(anonymous_0)","decl":{"start":{"line":13,"column":9},"end":{"line":13,"column":10}},"loc":{"start":{"line":13,"column":15},"end":{"line":15,"column":3}},"line":13},"1":{"name":"(anonymous_1)","decl":{"start":{"line":21,"column":9},"end":{"line":21,"column":10}},"loc":{"start":{"line":21,"column":15},"end":{"line":23,"column":3}},"line":21},"2":{"name":"(anonymous_2)","decl":{"start":{"line":29,"column":9},"end":{"line":29,"column":10}},"loc":{"start":{"line":29,"column":15},"end":{"line":31,"column":3}},"line":29},"3":{"name":"(anonymous_3)","decl":{"start":{"line":37,"column":9},"end":{"line":37,"column":10}},"loc":{"start":{"line":37,"column":15},"end":{"line":39,"column":3}},"line":37},"4":{"name":"(anonymous_4)","decl":{"start":{"line":45,"column":9},"end":{"line":45,"column":10}},"loc":{"start":{"line":45,"column":15},"end":{"line":47,"column":3}},"line":45},"5":{"name":"(anonymous_5)","decl":{"start":{"line":53,"column":9},"end":{"line":53,"column":10}},"loc":{"start":{"line":53,"column":15},"end":{"line":55,"column":3}},"line":53},"6":{"name":"(anonymous_6)","decl":{"start":{"line":61,"column":9},"end":{"line":61,"column":10}},"loc":{"start":{"line":61,"column":15},"end":{"line":63,"column":3}},"line":61}},"branchMap":{},"s":{"0":1,"1":1,"2":1,"3":0,"4":1,"5":0,"6":1,"7":0,"8":1,"9":0,"10":1,"11":0,"12":1,"13":0,"14":1,"15":0,"16":1,"17":1,"18":1,"19":1},"f":{"0":0,"1":0,"2":0,"3":0,"4":0,"5":0,"6":0},"b":{},"_coverageSchema":"1a1c01bbd47fc00a2c39e90264f33305004495a9","hash":"d50fe01b31e91999b84b5555aa8743d6f2cd66b1","contentHash":"01d4bd43ece8274dba8e37a779747a17387853d3fdf246cb133be8626a3c9f5c"}}